#
# A fatal error has been detected by the Java Runtime Environment:
#
#  EXCEPTION_ACCESS_VIOLATION (0xc0000005) at pc=0x00007ffaac2fcbf9, pid=30028, tid=47856
#
# JRE version: OpenJDK Runtime Environment Temurin-21.0.5+11 (21.0.5+11) (build 21.0.5+11-LTS)
# Java VM: OpenJDK 64-Bit Server VM Temurin-21.0.5+11 (21.0.5+11-LTS, mixed mode, tiered, compressed oops, compressed class ptrs, g1 gc, windows-amd64)
# Problematic frame:
# C  [awt.dll+0xdcbf9]
#
# No core dump will be written. Minidumps are not enabled by default on client versions of Windows
#
# If you would like to submit a bug report, please visit:
#   https://github.com/adoptium/adoptium-support/issues
# The crash happened outside the Java Virtual Machine in native code.
# See problematic frame for where to report the bug.
#

---------------  S U M M A R Y ------------

Command Line: -XX:+IgnoreUnrecognizedVMOptions -Dosgi.requiredJavaVersion=21 -Dfile.encoding=UTF-8 --add-modules=ALL-SYSTEM --add-opens=java.base/java.io=ALL-UNNAMED --add-opens=java.base/java.lang=ALL-UNNAMED --add-opens=java.base/java.lang.reflect=ALL-UNNAMED --add-opens=java.base/java.net=ALL-UNNAMED --add-opens=java.base/java.nio=ALL-UNNAMED --add-opens=java.base/java.nio.charset=ALL-UNNAMED --add-opens=java.base/java.text=ALL-UNNAMED --add-opens=java.base/java.time=ALL-UNNAMED --add-opens=java.base/java.util=ALL-UNNAMED --add-opens=java.base/java.util.concurrent=ALL-UNNAMED --add-opens=java.base/java.util.concurrent.atomic=ALL-UNNAMED --add-opens=java.base/jdk.internal.vm=ALL-UNNAMED --add-opens=java.base/jdk.internal.misc=ALL-UNNAMED --add-opens=java.base/sun.nio.ch=ALL-UNNAMED --add-opens=java.base/sun.nio.fs=ALL-UNNAMED --add-opens=java.base/sun.security.ssl=ALL-UNNAMED --add-opens=java.base/sun.security.action=ALL-UNNAMED --add-opens=java.base/sun.security.util=ALL-UNNAMED --add-opens=java.security.jgss/sun.security.jgss=ALL-UNNAMED --add-opens=java.security.jgss/sun.security.krb5=ALL-UNNAMED --add-opens=java.desktop/java.awt=ALL-UNNAMED --add-opens=java.desktop/java.awt.peer=ALL-UNNAMED --add-opens=java.sql/java.sql=ALL-UNNAMED -Xms64m -Xmx1024m -Ddbeaver.distribution.type=exe 

Host: Intel(R) Core(TM) i5-8265U CPU @ 1.60GHz, 8 cores, 15G,  Windows 11 , 64 bit Build 26100 (10.0.26100.4768)
Time: Fri Aug 29 08:48:48 2025 South Africa Standard Time elapsed time: 193692.448227 seconds (2d 5h 48m 12s)

---------------  T H R E A D  ---------------

Current thread (0x000002132dce9670):  JavaThread "AWT-EventQueue-0"        [_thread_in_native, id=47856, stack(0x000000d41df00000,0x000000d41e000000) (1024K)]

Stack: [0x000000d41df00000,0x000000d41e000000],  sp=0x000000d41dffedb0,  free space=1019k
Native frames: (J=compiled Java code, j=interpreted, Vv=VM code, C=native code)
C  [awt.dll+0xdcbf9]

Java frames: (J=compiled Java code, j=interpreted, Vv=VM code)
j  sun.awt.Win32GraphicsDevice.initDevice(I)V+0 java.desktop@21.0.5
j  sun.awt.Win32GraphicsDevice.<init>(I)V+53 java.desktop@21.0.5
j  sun.awt.Win32GraphicsEnvironment.makeScreenDevice(I)Ljava/awt/GraphicsDevice;+22 java.desktop@21.0.5
j  sun.awt.Win32GraphicsEnvironment.displayChanged()V+145 java.desktop@21.0.5
j  sun.awt.windows.WToolkit.lambda$displayChanged$4()V+15 java.desktop@21.0.5
j  sun.awt.windows.WToolkit$$Lambda+0x0000000100968790.run()V+0 java.desktop@21.0.5
j  java.awt.event.InvocationEvent.dispatch()V+47 java.desktop@21.0.5
j  java.awt.EventQueue.dispatchEventImpl(Ljava/awt/AWTEvent;Ljava/lang/Object;)V+21 java.desktop@21.0.5
j  java.awt.EventQueue$4.run()Ljava/lang/Void;+32 java.desktop@21.0.5
j  java.awt.EventQueue$4.run()Ljava/lang/Object;+1 java.desktop@21.0.5
j  java.security.AccessController.executePrivileged(Ljava/security/PrivilegedAction;Ljava/security/AccessControlContext;Ljava/lang/Class;)Ljava/lang/Object;+29 java.base@21.0.5
j  java.security.AccessController.doPrivileged(Ljava/security/PrivilegedAction;Ljava/security/AccessControlContext;)Ljava/lang/Object;+13 java.base@21.0.5
j  java.security.ProtectionDomain$JavaSecurityAccessImpl.doIntersectionPrivilege(Ljava/security/PrivilegedAction;Ljava/security/AccessControlContext;Ljava/security/AccessControlContext;)Ljava/lang/Object;+18 java.base@21.0.5
j  java.awt.EventQueue.dispatchEvent(Ljava/awt/AWTEvent;)V+46 java.desktop@21.0.5
j  java.awt.EventDispatchThread.pumpOneEventForFilters(I)V+81 java.desktop@21.0.5
j  java.awt.EventDispatchThread.pumpEventsForFilter(ILjava/awt/Conditional;Ljava/awt/EventFilter;)V+35 java.desktop@21.0.5
j  java.awt.EventDispatchThread.pumpEventsForHierarchy(ILjava/awt/Conditional;Ljava/awt/Component;)V+11 java.desktop@21.0.5
j  java.awt.EventDispatchThread.pumpEvents(ILjava/awt/Conditional;)V+4 java.desktop@21.0.5
j  java.awt.EventDispatchThread.pumpEvents(Ljava/awt/Conditional;)V+3 java.desktop@21.0.5
j  java.awt.EventDispatchThread.run()V+9 java.desktop@21.0.5
v  ~StubRoutines::call_stub 0x000002131cb4100d

siginfo: EXCEPTION_ACCESS_VIOLATION (0xc0000005), writing address 0x0000000000000038


Registers:
RAX=0x000002132d14c9b1, RBX=0x0000021335dc9b00, RCX=0x000002132dce9a08, RDX=0x000002132dce9a08
RSP=0x000000d41dffedb0, RBP=0x000000d41dffee58, RSI=0x000000d41dffee80, RDI=0x0000000000000000
R8 =0x7ffffffffffffffc, R9 =0x000000d41a3ea000, R10=0x000002131cb4cddc, R11=0x0000000000000100
R12=0x0000000000000000, R13=0x00000213397fc0a8, R14=0x000002132dce9a28, R15=0x000002132dce9670
RIP=0x00007ffaac2fcbf9, EFLAGS=0x0000000000010206


Register to memory mapping:

RAX=0x000002132d14c9b1 is a weak global jni handle
RBX=0x0000021335dc9b00 points into unknown readable memory: 0x000002132ed69e70 | 70 9e d6 2e 13 02 00 00
RCX=0x000002132dce9a08 points into unknown readable memory: 0x000000d41dffede0 | e0 ed ff 1d d4 00 00 00
RDX=0x000002132dce9a08 points into unknown readable memory: 0x000000d41dffede0 | e0 ed ff 1d d4 00 00 00
RSP=0x000000d41dffedb0 is pointing into the stack for thread: 0x000002132dce9670
RBP=0x000000d41dffee58 is pointing into the stack for thread: 0x000002132dce9670
RSI=0x000000d41dffee80 is pointing into the stack for thread: 0x000002132dce9670
RDI=0x0 is null
R8 =0x7ffffffffffffffc is an unknown value
R9 =0x000000d41a3ea000 points into unknown readable memory: 0x0000000000000000 | 00 00 00 00 00 00 00 00
R10=0x000002131cb4cddc is at code_begin+1020 in an Interpreter codelet
native method entry point (kind = native)  [0x000002131cb4c9e0, 0x000002131cb4d508]  2856 bytes
R11=0x0000000000000100 is an unknown value
R12=0x0 is null
R13={method} {0x00000213397fc0b0} 'initDevice' '(I)V' in 'sun/awt/Win32GraphicsDevice'
R14=0x000002132dce9a28 points into unknown readable memory: 0x00007ffa90a3a7c0 | c0 a7 a3 90 fa 7f 00 00
R15=0x000002132dce9670 is a thread

Top of Stack: (sp=0x000000d41dffedb0)
0x000000d41dffedb0:   000000d41dffee80 0000021335dc9b00
0x000000d41dffedc0:   000000d41dffee58 000000d41dffee80
0x000000d41dffedd0:   000000d41dffee80 000002131cb4ce0b
0x000000d41dffede0:   00000213397fc0a8 00000000c4b9edf8
0x000000d41dffedf0:   0000000000000000 0000000000000000
0x000000d41dffee00:   00000000c4b9ec58 000002131cb4ca9f
0x000000d41dffee10:   000000d41dffee10 00000213397fc0a8
0x000000d41dffee20:   0000000000000005 00000213397fe520
0x000000d41dffee30:   0000000000000000 00000000c4b88598
0x000000d41dffee40:   00000213397fc0a8 0000000000000000
0x000000d41dffee50:   000000d41dffee78 000000d41dffeed0
0x000000d41dffee60:   000002131cb4884e 0000000000000000
0x000000d41dffee70:   000002131cb4a397 0000000000000000
0x000000d41dffee80:   00000000c4b88f28 000000d41dffee88
0x000000d41dffee90:   00000213397fc3fd 0000000000000003
0x000000d41dffeea0:   00000213397fe520 0000000000000000
0x000000d41dffeeb0:   00000000c4b88598 00000213397fc408
0x000000d41dffeec0:   000000d41dffee78 000000d41dffeee0
0x000000d41dffeed0:   000000d41dffef40 000002131cb4884e
0x000000d41dffeee0:   0000000000000000 00000000c4b88f28
0x000000d41dffeef0:   00000000c4b88f28 000000d41dffeef8
0x000000d41dffef00:   000002132bd63a1e 0000000000000004
0x000000d41dffef10:   000002132bd67348 0000000000000000
0x000000d41dffef20:   00000000c37b8d88 000002132bd63a28
0x000000d41dffef30:   000000d41dffeee0 000000d41dffef58
0x000000d41dffef40:   000000d41dffefc0 000002131cb489c0
0x000000d41dffef50:   0000000000000000 0000000000000000
0x000000d41dffef60:   00000000c37b8ed8 0000000000000000
0x000000d41dffef70:   00000000c4b88580 000000d41dffef78
0x000000d41dffef80:   000002132bd63891 0000000000000008
0x000000d41dffef90:   000002132bd67348 0000000000000000
0x000000d41dffefa0:   00000000c37b8d88 000002132bd63928 

Instructions: (pc=0x00007ffaac2fcbf9)
0x00007ffaac2fcaf9:   30 0f 29 74 24 20 41 8b f8 e8 49 b2 f4 ff 48 8b
0x00007ffaac2fcb09:   d8 41 b8 01 00 00 00 8b d7 48 8b c8 e8 a6 b1 f4
0x00007ffaac2fcb19:   ff 48 85 c0 75 0a f3 0f 10 35 61 42 01 00 eb 05
0x00007ffaac2fcb29:   f3 0f 10 70 48 48 8b cb e8 da b3 f4 ff 90 0f 28
0x00007ffaac2fcb39:   c6 48 8b 5c 24 40 0f 28 74 24 20 48 83 c4 30 5f
0x00007ffaac2fcb49:   c3 cc cc cc cc cc cc 48 89 5c 24 08 57 48 83 ec
0x00007ffaac2fcb59:   30 0f 29 74 24 20 41 8b f8 e8 e9 b1 f4 ff 48 8b
0x00007ffaac2fcb69:   d8 41 b8 01 00 00 00 8b d7 48 8b c8 e8 46 b1 f4
0x00007ffaac2fcb79:   ff 48 85 c0 75 0a f3 0f 10 35 01 42 01 00 eb 05
0x00007ffaac2fcb89:   f3 0f 10 70 4c 48 8b cb e8 7a b3 f4 ff 90 0f 28
0x00007ffaac2fcb99:   c6 48 8b 5c 24 40 0f 28 74 24 20 48 83 c4 30 5f
0x00007ffaac2fcba9:   c3 cc cc cc cc cc cc 48 89 5c 24 08 48 89 74 24
0x00007ffaac2fcbb9:   10 48 89 7c 24 18 41 56 48 83 ec 20 41 8b f8 48
0x00007ffaac2fcbc9:   8b f2 4c 8b f1 e8 7d b1 f4 ff 48 8b d8 41 b8 01
0x00007ffaac2fcbd9:   00 00 00 8b d7 48 8b c8 e8 da b0 f4 ff 48 8b f8
0x00007ffaac2fcbe9:   4d 8b 06 48 8b d6 49 8b ce 41 ff 90 10 07 00 00
0x00007ffaac2fcbf9:   48 89 47 38 48 8b cb e8 0b b3 f4 ff 90 48 8b 5c
0x00007ffaac2fcc09:   24 30 48 8b 74 24 38 48 8b 7c 24 40 48 83 c4 20
0x00007ffaac2fcc19:   41 5e c3 cc cc cc cc 48 89 5c 24 08 48 89 74 24
0x00007ffaac2fcc29:   10 57 48 83 ec 20 48 8b f2 48 8b d9 e8 e6 81 00
0x00007ffaac2fcc39:   00 e8 51 a3 ff ff 48 8b 03 48 8d 15 47 8e 02 00
0x00007ffaac2fcc49:   48 8b cb ff 50 30 48 8b f8 48 85 c0 0f 84 54 01
0x00007ffaac2fcc59:   00 00 48 8b 03 48 8b d7 48 8b cb ff 90 a8 00 00
0x00007ffaac2fcc69:   00 48 89 05 37 a7 06 00 48 8b 03 48 8b d7 48 8b
0x00007ffaac2fcc79:   cb ff 90 b8 00 00 00 48 83 3d 20 a7 06 00 00 0f
0x00007ffaac2fcc89:   84 21 01 00 00 48 8b 03 48 8d 15 90 36 03 00 48
0x00007ffaac2fcc99:   8b cb ff 50 30 48 8b f8 48 85 c0 0f 84 05 01 00
0x00007ffaac2fcca9:   00 48 8b 03 48 8b d7 48 8b cb ff 90 a8 00 00 00
0x00007ffaac2fccb9:   48 89 05 f0 a6 06 00 48 8b 03 48 8b d7 48 8b cb
0x00007ffaac2fccc9:   ff 90 b8 00 00 00 48 83 3d d9 a6 06 00 00 0f 84
0x00007ffaac2fccd9:   d2 00 00 00 48 8b 03 4c 8d 0d 51 3e 03 00 4c 8d
0x00007ffaac2fcce9:   05 6a 3e 03 00 48 8b d6 48 8b cb ff 90 f0 02 00 


Stack slot to memory mapping:

stack at sp + 0 slots: 0x000000d41dffee80 is pointing into the stack for thread: 0x000002132dce9670
stack at sp + 1 slots: 0x0000021335dc9b00 points into unknown readable memory: 0x000002132ed69e70 | 70 9e d6 2e 13 02 00 00
stack at sp + 2 slots: 0x000000d41dffee58 is pointing into the stack for thread: 0x000002132dce9670
stack at sp + 3 slots: 0x000000d41dffee80 is pointing into the stack for thread: 0x000002132dce9670
stack at sp + 4 slots: 0x000000d41dffee80 is pointing into the stack for thread: 0x000002132dce9670
stack at sp + 5 slots: 0x000002131cb4ce0b is at code_begin+1067 in an Interpreter codelet
native method entry point (kind = native)  [0x000002131cb4c9e0, 0x000002131cb4d508]  2856 bytes
stack at sp + 6 slots: {method} {0x00000213397fc0b0} 'initDevice' '(I)V' in 'sun/awt/Win32GraphicsDevice'
stack at sp + 7 slots: 0x00000000c4b9edf8 is an oop: java.lang.String 
{0x00000000c4b9edf8} - klass: 'java/lang/String'
 - string: "Win32GraphicsDevice[screen=0"
 - ---- fields (total size 3 words):
 - private 'hash' 'I' @12  0 (0x00000000)
 - private final 'coder' 'B' @16  0 (0x00)
 - private 'hashIsZero' 'Z' @17  false (0x00)
 - injected 'flags' 'B' @18  0 (0x00)
 - private final 'value' '[B' @20  [B{0x00000000c4b9edc8} (0xc4b9edc8)


---------------  P R O C E S S  ---------------

Threads class SMR info:
_java_thread_list=0x000002132df3c480, length=45, elements={
0x00000213111022d0, 0x00000213287da3b0, 0x0000021328900f70, 0x0000021328921080,
0x0000021328921ad0, 0x000002132890df50, 0x000002132892d570, 0x000002132893bbf0,
0x000002132893ca30, 0x00000213289e75e0, 0x0000021328ba2d40, 0x000002132d38a510,
0x000002132d611ec0, 0x000002132d644c50, 0x000002132d642410, 0x000002132dbb4f20,
0x000002132dc643e0, 0x0000021328b80fe0, 0x0000021328b82a20, 0x0000021328b7f5a0,
0x0000021328b7fc30, 0x000002132d923390, 0x000002132d925af0, 0x000002132d924740,
0x000002132d925460, 0x0000021328b81d00, 0x0000021328b82390, 0x000002132dce54d0,
0x000002132dce5b60, 0x000002132dce6f10, 0x000002132dce3a90, 0x000002132dce26e0,
0x000002132dce61f0, 0x000002132dce4e40, 0x000002132dce4120, 0x000002132dce47b0,
0x000002132dce2d70, 0x000002132dce6880, 0x000002132dce3400, 0x000002132dce82c0,
0x000002132dce8950, 0x000002132dce8fe0, 0x000002132dce9d00, 0x000002132dce9670,
0x0000021335dad700
}

Java Threads: ( => current thread )
  0x00000213111022d0 JavaThread "main"                              [_thread_in_native, id=32312, stack(0x000000d41a400000,0x000000d41a500000) (1024K)]
  0x00000213287da3b0 JavaThread "Reference Handler"          daemon [_thread_blocked, id=14552, stack(0x000000d41af00000,0x000000d41b000000) (1024K)]
  0x0000021328900f70 JavaThread "Finalizer"                  daemon [_thread_blocked, id=28960, stack(0x000000d41b000000,0x000000d41b100000) (1024K)]
  0x0000021328921080 JavaThread "Signal Dispatcher"          daemon [_thread_blocked, id=13540, stack(0x000000d41b100000,0x000000d41b200000) (1024K)]
  0x0000021328921ad0 JavaThread "Attach Listener"            daemon [_thread_blocked, id=31452, stack(0x000000d41b200000,0x000000d41b300000) (1024K)]
  0x000002132890df50 JavaThread "Service Thread"             daemon [_thread_blocked, id=30824, stack(0x000000d41b300000,0x000000d41b400000) (1024K)]
  0x000002132892d570 JavaThread "Monitor Deflation Thread"   daemon [_thread_blocked, id=18612, stack(0x000000d41b400000,0x000000d41b500000) (1024K)]
  0x000002132893bbf0 JavaThread "C2 CompilerThread0"         daemon [_thread_blocked, id=8988, stack(0x000000d41b500000,0x000000d41b600000) (1024K)]
  0x000002132893ca30 JavaThread "C1 CompilerThread0"         daemon [_thread_blocked, id=2772, stack(0x000000d41b600000,0x000000d41b700000) (1024K)]
  0x00000213289e75e0 JavaThread "Common-Cleaner"             daemon [_thread_blocked, id=27820, stack(0x000000d41b700000,0x000000d41b800000) (1024K)]
  0x0000021328ba2d40 JavaThread "Notification Thread"        daemon [_thread_blocked, id=3372, stack(0x000000d41b800000,0x000000d41b900000) (1024K)]
  0x000002132d38a510 JavaThread "Active Thread: Equinox Container: 5bd0f5f9-6264-49ef-8d9f-f81cf349688f"        [_thread_blocked, id=3896, stack(0x000000d41b900000,0x000000d41ba00000) (1024K)]
  0x000002132d611ec0 JavaThread "Framework Event Dispatcher: Equinox Container: 5bd0f5f9-6264-49ef-8d9f-f81cf349688f" daemon [_thread_blocked, id=23340, stack(0x000000d41c100000,0x000000d41c200000) (1024K)]
  0x000002132d644c50 JavaThread "Start Level: Equinox Container: 5bd0f5f9-6264-49ef-8d9f-f81cf349688f" daemon [_thread_blocked, id=15540, stack(0x000000d41c200000,0x000000d41c300000) (1024K)]
  0x000002132d642410 JavaThread "SCR Component Actor"        daemon [_thread_blocked, id=30864, stack(0x000000d41c300000,0x000000d41c400000) (1024K)]
  0x000002132dbb4f20 JavaThread "EMF Reference Cleaner"      daemon [_thread_blocked, id=8724, stack(0x000000d41c500000,0x000000d41c600000) (1024K)]
  0x000002132dc643e0 JavaThread "Gogo shell"                        [_thread_blocked, id=24764, stack(0x000000d41c800000,0x000000d41c900000) (1024K)]
  0x0000021328b80fe0 JavaThread "Worker-JM"                         [_thread_blocked, id=15616, stack(0x000000d41c900000,0x000000d41ca00000) (1024K)]
  0x0000021328b82a20 JavaThread "JNA Cleaner"                daemon [_thread_blocked, id=16408, stack(0x000000d41c000000,0x000000d41c100000) (1024K)]
  0x0000021328b7f5a0 JavaThread "Database navigator events processor"        [_thread_blocked, id=21708, stack(0x000000d41cd00000,0x000000d41ce00000) (1024K)]
  0x0000021328b7fc30 JavaThread "Bundle File Closer"         daemon [_thread_blocked, id=30844, stack(0x000000d41cb00000,0x000000d41cc00000) (1024K)]
  0x000002132d923390 JavaThread "SWTResourceTracker"         daemon [_thread_blocked, id=32160, stack(0x000000d41cf00000,0x000000d41d000000) (1024K)]
  0x000002132d925af0 JavaThread "Java2D Disposer"            daemon [_thread_blocked, id=28828, stack(0x000000d41d400000,0x000000d41d500000) (1024K)]
  0x000002132d924740 JavaThread "AWT-Windows"                daemon [_thread_in_native, id=32352, stack(0x000000d41d700000,0x000000d41d800000) (1024K)]
  0x000002132d925460 JavaThread "EventAdmin Async Event Dispatcher Thread" daemon [_thread_blocked, id=29712, stack(0x000000d41d600000,0x000000d41d700000) (1024K)]
  0x0000021328b81d00 JavaThread "pool-2-thread-1"                   [_thread_blocked, id=3912, stack(0x000000d41d900000,0x000000d41da00000) (1024K)]
  0x0000021328b82390 JavaThread "pool-3-thread-1"                   [_thread_blocked, id=27892, stack(0x000000d41da00000,0x000000d41db00000) (1024K)]
  0x000002132dce54d0 JavaThread "Worker-190"                        [_thread_blocked, id=40604, stack(0x000000d41a500000,0x000000d41a600000) (1024K)]
  0x000002132dce5b60 JavaThread "Worker-192"                        [_thread_blocked, id=29360, stack(0x000000d41d000000,0x000000d41d100000) (1024K)]
  0x000002132dce6f10 JavaThread "Worker-195"                        [_thread_blocked, id=41692, stack(0x000000d41d300000,0x000000d41d400000) (1024K)]
  0x000002132dce3a90 JavaThread "Worker-196"                        [_thread_blocked, id=17852, stack(0x000000d41d500000,0x000000d41d600000) (1024K)]
  0x000002132dce26e0 JavaThread "Worker-200"                        [_thread_blocked, id=46872, stack(0x000000d41a600000,0x000000d41a700000) (1024K)]
  0x000002132dce61f0 JavaThread "Worker-201"                        [_thread_blocked, id=20324, stack(0x000000d41a700000,0x000000d41a800000) (1024K)]
  0x000002132dce4e40 JavaThread "Worker-202"                        [_thread_blocked, id=33192, stack(0x000000d41ba00000,0x000000d41bb00000) (1024K)]
  0x000002132dce4120 JavaThread "Worker-203"                        [_thread_blocked, id=23740, stack(0x000000d41cc00000,0x000000d41cd00000) (1024K)]
  0x000002132dce47b0 JavaThread "Worker-204"                        [_thread_blocked, id=21200, stack(0x000000d41ce00000,0x000000d41cf00000) (1024K)]
  0x000002132dce2d70 JavaThread "Worker-205"                        [_thread_blocked, id=40768, stack(0x000000d41d100000,0x000000d41d200000) (1024K)]
  0x000002132dce6880 JavaThread "Worker-206"                        [_thread_blocked, id=47828, stack(0x000000d41d200000,0x000000d41d300000) (1024K)]
  0x000002132dce3400 JavaThread "Worker-207"                        [_thread_blocked, id=6856, stack(0x000000d41d800000,0x000000d41d900000) (1024K)]
  0x000002132dce82c0 JavaThread "Worker-208"                        [_thread_blocked, id=17480, stack(0x000000d41dc00000,0x000000d41dd00000) (1024K)]
  0x000002132dce8950 JavaThread "Worker-209"                        [_thread_blocked, id=31240, stack(0x000000d41dd00000,0x000000d41de00000) (1024K)]
  0x000002132dce8fe0 JavaThread "Worker-210"                        [_thread_blocked, id=47472, stack(0x000000d41e000000,0x000000d41e100000) (1024K)]
  0x000002132dce9d00 JavaThread "AWT-Shutdown"                      [_thread_blocked, id=43432, stack(0x000000d41de00000,0x000000d41df00000) (1024K)]
=>0x000002132dce9670 JavaThread "AWT-EventQueue-0"                  [_thread_in_native, id=47856, stack(0x000000d41df00000,0x000000d41e000000) (1024K)]
  0x0000021335dad700 JavaThread "C2 CompilerThread1"         daemon [_thread_blocked, id=39828, stack(0x000000d41e300000,0x000000d41e400000) (1024K)]
Total: 45

Other Threads:
  0x0000021328766060 VMThread "VM Thread"                           [id=28808, stack(0x000000d41ae00000,0x000000d41af00000) (1024K)]
  0x0000021328709780 WatcherThread "VM Periodic Task Thread"        [id=32072, stack(0x000000d41ad00000,0x000000d41ae00000) (1024K)]
  0x00000213137dea70 WorkerThread "GC Thread#0"                     [id=28252, stack(0x000000d41a800000,0x000000d41a900000) (1024K)]
  0x000002132d35df00 WorkerThread "GC Thread#1"                     [id=28484, stack(0x000000d41bb00000,0x000000d41bc00000) (1024K)]
  0x000002132d5b84d0 WorkerThread "GC Thread#2"                     [id=17688, stack(0x000000d41bc00000,0x000000d41bd00000) (1024K)]
  0x000002132d392e00 WorkerThread "GC Thread#3"                     [id=21388, stack(0x000000d41bd00000,0x000000d41be00000) (1024K)]
  0x000002132d7a29f0 WorkerThread "GC Thread#4"                     [id=31808, stack(0x000000d41be00000,0x000000d41bf00000) (1024K)]
  0x000002132d83b960 WorkerThread "GC Thread#5"                     [id=11480, stack(0x000000d41bf00000,0x000000d41c000000) (1024K)]
  0x000002132db528e0 WorkerThread "GC Thread#6"                     [id=28836, stack(0x000000d41c400000,0x000000d41c500000) (1024K)]
  0x000002132db52c80 WorkerThread "GC Thread#7"                     [id=6440, stack(0x000000d41c600000,0x000000d41c700000) (1024K)]
  0x00000213137e8260 ConcurrentGCThread "G1 Main Marker"            [id=23456, stack(0x000000d41a900000,0x000000d41aa00000) (1024K)]
  0x00000213137e8d60 WorkerThread "G1 Conc#0"                       [id=32116, stack(0x000000d41aa00000,0x000000d41ab00000) (1024K)]
  0x000002132ddbc200 WorkerThread "G1 Conc#1"                       [id=2008, stack(0x000000d41c700000,0x000000d41c800000) (1024K)]
  0x000002131385e580 ConcurrentGCThread "G1 Refine#0"               [id=31748, stack(0x000000d41ab00000,0x000000d41ac00000) (1024K)]
  0x00000213285e0080 ConcurrentGCThread "G1 Service"                [id=23108, stack(0x000000d41ac00000,0x000000d41ad00000) (1024K)]
Total: 15

Threads with active compile tasks:
Total: 0

VM state: not at safepoint (normal execution)

VM Mutex/Monitor currently owned by a thread: None

Heap address: 0x00000000c0000000, size: 1024 MB, Compressed Oops mode: 32-bit

CDS archive(s) not mapped
Compressed class space mapped at: 0x0000000100000000-0x0000000140000000, reserved size: 1073741824
Narrow klass base: 0x0000000000000000, Narrow klass shift: 3, Narrow klass range: 0x140000000

GC Precious Log:
 CardTable entry size: 512
 Card Set container configuration: InlinePtr #cards 5 size 8 Array Of Cards #cards 12 size 40 Howl #buckets 4 coarsen threshold 1843 Howl Bitmap #cards 512 size 80 coarsen threshold 460 Card regions per heap region 1 cards per card region 2048
 CPUs: 8 total, 8 available
 Memory: 16231M
 Large Page Support: Disabled
 NUMA Support: Disabled
 Compressed Oops: Enabled (32-bit)
 Heap Region Size: 1M
 Heap Min Capacity: 64M
 Heap Initial Capacity: 64M
 Heap Max Capacity: 1G
 Pre-touch: Disabled
 Parallel Workers: 8
 Concurrent Workers: 2
 Concurrent Refinement Workers: 8
 Periodic GC: Disabled

Heap:
 garbage-first heap   total 92160K, used 57245K [0x00000000c0000000, 0x0000000100000000)
  region size 1024K, 16 young (16384K), 1 survivors (1024K)
 Metaspace       used 87566K, committed 89536K, reserved 1179648K
  class space    used 9930K, committed 10880K, reserved 1048576K

Heap Regions: E=young(eden), S=young(survivor), O=old, HS=humongous(starts), HC=humongous(continues), CS=collection set, F=free, TAMS=top-at-mark-start, PB=parsable bottom
|   0|0x00000000c0000000, 0x00000000c0100000, 0x00000000c0100000|100%| O|  |TAMS 0x00000000c0000000| PB 0x00000000c0000000| Untracked 
|   1|0x00000000c0100000, 0x00000000c0200000, 0x00000000c0200000|100%| O|  |TAMS 0x00000000c0100000| PB 0x00000000c0100000| Untracked 
|   2|0x00000000c0200000, 0x00000000c0300000, 0x00000000c0300000|100%| O|  |TAMS 0x00000000c0200000| PB 0x00000000c0200000| Untracked 
|   3|0x00000000c0300000, 0x00000000c0300000, 0x00000000c0400000|  0%| F|  |TAMS 0x00000000c0300000| PB 0x00000000c0300000| Untracked 
|   4|0x00000000c0400000, 0x00000000c0500000, 0x00000000c0500000|100%| O|  |TAMS 0x00000000c0400000| PB 0x00000000c0400000| Untracked 
|   5|0x00000000c0500000, 0x00000000c0600000, 0x00000000c0600000|100%| O|  |TAMS 0x00000000c0500000| PB 0x00000000c0500000| Untracked 
|   6|0x00000000c0600000, 0x00000000c0700000, 0x00000000c0700000|100%| O|  |TAMS 0x00000000c0600000| PB 0x00000000c0600000| Untracked 
|   7|0x00000000c0700000, 0x00000000c0800000, 0x00000000c0800000|100%| O|  |TAMS 0x00000000c0700000| PB 0x00000000c0700000| Untracked 
|   8|0x00000000c0800000, 0x00000000c0900000, 0x00000000c0900000|100%| O|  |TAMS 0x00000000c0800000| PB 0x00000000c0800000| Untracked 
|   9|0x00000000c0900000, 0x00000000c0a00000, 0x00000000c0a00000|100%| O|  |TAMS 0x00000000c0900000| PB 0x00000000c0900000| Untracked 
|  10|0x00000000c0a00000, 0x00000000c0b00000, 0x00000000c0b00000|100%| O|  |TAMS 0x00000000c0a00000| PB 0x00000000c0a00000| Untracked 
|  11|0x00000000c0b00000, 0x00000000c0c00000, 0x00000000c0c00000|100%| O|  |TAMS 0x00000000c0b00000| PB 0x00000000c0b00000| Untracked 
|  12|0x00000000c0c00000, 0x00000000c0d00000, 0x00000000c0d00000|100%| O|  |TAMS 0x00000000c0c00000| PB 0x00000000c0c00000| Untracked 
|  13|0x00000000c0d00000, 0x00000000c0e00000, 0x00000000c0e00000|100%| O|  |TAMS 0x00000000c0d00000| PB 0x00000000c0d00000| Untracked 
|  14|0x00000000c0e00000, 0x00000000c0f00000, 0x00000000c0f00000|100%| O|  |TAMS 0x00000000c0e00000| PB 0x00000000c0e00000| Untracked 
|  15|0x00000000c0f00000, 0x00000000c1000000, 0x00000000c1000000|100%| O|  |TAMS 0x00000000c0f00000| PB 0x00000000c0f00000| Untracked 
|  16|0x00000000c1000000, 0x00000000c1100000, 0x00000000c1100000|100%| O|  |TAMS 0x00000000c1000000| PB 0x00000000c1000000| Untracked 
|  17|0x00000000c1100000, 0x00000000c1200000, 0x00000000c1200000|100%| O|  |TAMS 0x00000000c1100000| PB 0x00000000c1100000| Untracked 
|  18|0x00000000c1200000, 0x00000000c1300000, 0x00000000c1300000|100%| O|  |TAMS 0x00000000c1200000| PB 0x00000000c1200000| Untracked 
|  19|0x00000000c1300000, 0x00000000c1400000, 0x00000000c1400000|100%| O|  |TAMS 0x00000000c1300000| PB 0x00000000c1300000| Untracked 
|  20|0x00000000c1400000, 0x00000000c1500000, 0x00000000c1500000|100%| O|  |TAMS 0x00000000c1400000| PB 0x00000000c1400000| Untracked 
|  21|0x00000000c1500000, 0x00000000c1600000, 0x00000000c1600000|100%| O|  |TAMS 0x00000000c1500000| PB 0x00000000c1500000| Untracked 
|  22|0x00000000c1600000, 0x00000000c1700000, 0x00000000c1700000|100%|HS|  |TAMS 0x00000000c1600000| PB 0x00000000c1600000| Complete 
|  23|0x00000000c1700000, 0x00000000c1800000, 0x00000000c1800000|100%| O|  |TAMS 0x00000000c1700000| PB 0x00000000c1700000| Untracked 
|  24|0x00000000c1800000, 0x00000000c1900000, 0x00000000c1900000|100%| O|  |TAMS 0x00000000c1800000| PB 0x00000000c1800000| Untracked 
|  25|0x00000000c1900000, 0x00000000c1a00000, 0x00000000c1a00000|100%| O|  |TAMS 0x00000000c1900000| PB 0x00000000c1900000| Untracked 
|  26|0x00000000c1a00000, 0x00000000c1ad8d00, 0x00000000c1b00000| 84%| O|  |TAMS 0x00000000c1a00000| PB 0x00000000c1a00000| Untracked 
|  27|0x00000000c1b00000, 0x00000000c1c00000, 0x00000000c1c00000|100%| O|  |TAMS 0x00000000c1b00000| PB 0x00000000c1b00000| Untracked 
|  28|0x00000000c1c00000, 0x00000000c1d00000, 0x00000000c1d00000|100%| O|  |TAMS 0x00000000c1c00000| PB 0x00000000c1c00000| Untracked 
|  29|0x00000000c1d00000, 0x00000000c1e00000, 0x00000000c1e00000|100%| O|  |TAMS 0x00000000c1d00000| PB 0x00000000c1d00000| Untracked 
|  30|0x00000000c1e00000, 0x00000000c1f00000, 0x00000000c1f00000|100%| O|  |TAMS 0x00000000c1e00000| PB 0x00000000c1e00000| Untracked 
|  31|0x00000000c1f00000, 0x00000000c2000000, 0x00000000c2000000|100%| O|  |TAMS 0x00000000c1f00000| PB 0x00000000c1f00000| Untracked 
|  32|0x00000000c2000000, 0x00000000c2000000, 0x00000000c2100000|  0%| F|  |TAMS 0x00000000c2000000| PB 0x00000000c2000000| Untracked 
|  33|0x00000000c2100000, 0x00000000c2200000, 0x00000000c2200000|100%| O|  |TAMS 0x00000000c2100000| PB 0x00000000c2100000| Untracked 
|  34|0x00000000c2200000, 0x00000000c2300000, 0x00000000c2300000|100%| O|  |TAMS 0x00000000c2200000| PB 0x00000000c2200000| Untracked 
|  35|0x00000000c2300000, 0x00000000c2400000, 0x00000000c2400000|100%| O|  |TAMS 0x00000000c2300000| PB 0x00000000c2300000| Untracked 
|  36|0x00000000c2400000, 0x00000000c2500000, 0x00000000c2500000|100%| O|  |TAMS 0x00000000c2400000| PB 0x00000000c2400000| Untracked 
|  37|0x00000000c2500000, 0x00000000c2500000, 0x00000000c2600000|  0%| F|  |TAMS 0x00000000c2500000| PB 0x00000000c2500000| Untracked 
|  38|0x00000000c2600000, 0x00000000c2600000, 0x00000000c2700000|  0%| F|  |TAMS 0x00000000c2600000| PB 0x00000000c2600000| Untracked 
|  39|0x00000000c2700000, 0x00000000c2700000, 0x00000000c2800000|  0%| F|  |TAMS 0x00000000c2700000| PB 0x00000000c2700000| Untracked 
|  40|0x00000000c2800000, 0x00000000c280e9d0, 0x00000000c2900000|  5%| S|CS|TAMS 0x00000000c2800000| PB 0x00000000c2800000| Complete 
|  41|0x00000000c2900000, 0x00000000c2900000, 0x00000000c2a00000|  0%| F|  |TAMS 0x00000000c2900000| PB 0x00000000c2900000| Untracked 
|  42|0x00000000c2a00000, 0x00000000c2a00000, 0x00000000c2b00000|  0%| F|  |TAMS 0x00000000c2a00000| PB 0x00000000c2a00000| Untracked 
|  43|0x00000000c2b00000, 0x00000000c2b00000, 0x00000000c2c00000|  0%| F|  |TAMS 0x00000000c2b00000| PB 0x00000000c2b00000| Untracked 
|  44|0x00000000c2c00000, 0x00000000c2c00000, 0x00000000c2d00000|  0%| F|  |TAMS 0x00000000c2c00000| PB 0x00000000c2c00000| Untracked 
|  45|0x00000000c2d00000, 0x00000000c2e00000, 0x00000000c2e00000|100%| O|  |TAMS 0x00000000c2d00000| PB 0x00000000c2d00000| Untracked 
|  46|0x00000000c2e00000, 0x00000000c2f00000, 0x00000000c2f00000|100%| O|  |TAMS 0x00000000c2e00000| PB 0x00000000c2e00000| Untracked 
|  47|0x00000000c2f00000, 0x00000000c2f00000, 0x00000000c3000000|  0%| F|  |TAMS 0x00000000c2f00000| PB 0x00000000c2f00000| Untracked 
|  48|0x00000000c3000000, 0x00000000c3000000, 0x00000000c3100000|  0%| F|  |TAMS 0x00000000c3000000| PB 0x00000000c3000000| Untracked 
|  49|0x00000000c3100000, 0x00000000c3200000, 0x00000000c3200000|100%| O|  |TAMS 0x00000000c3100000| PB 0x00000000c3100000| Untracked 
|  50|0x00000000c3200000, 0x00000000c3200000, 0x00000000c3300000|  0%| F|  |TAMS 0x00000000c3200000| PB 0x00000000c3200000| Untracked 
|  51|0x00000000c3300000, 0x00000000c3300000, 0x00000000c3400000|  0%| F|  |TAMS 0x00000000c3300000| PB 0x00000000c3300000| Untracked 
|  52|0x00000000c3400000, 0x00000000c3500000, 0x00000000c3500000|100%| O|  |TAMS 0x00000000c3400000| PB 0x00000000c3400000| Untracked 
|  53|0x00000000c3500000, 0x00000000c3500000, 0x00000000c3600000|  0%| F|  |TAMS 0x00000000c3500000| PB 0x00000000c3500000| Untracked 
|  54|0x00000000c3600000, 0x00000000c3700000, 0x00000000c3700000|100%| O|  |TAMS 0x00000000c3600000| PB 0x00000000c3600000| Untracked 
|  55|0x00000000c3700000, 0x00000000c3800000, 0x00000000c3800000|100%| O|  |TAMS 0x00000000c3700000| PB 0x00000000c3700000| Untracked 
|  56|0x00000000c3800000, 0x00000000c3900000, 0x00000000c3900000|100%| O|  |TAMS 0x00000000c3800000| PB 0x00000000c3800000| Untracked 
|  57|0x00000000c3900000, 0x00000000c3900000, 0x00000000c3a00000|  0%| F|  |TAMS 0x00000000c3900000| PB 0x00000000c3900000| Untracked 
|  58|0x00000000c3a00000, 0x00000000c3a00000, 0x00000000c3b00000|  0%| F|  |TAMS 0x00000000c3a00000| PB 0x00000000c3a00000| Untracked 
|  59|0x00000000c3b00000, 0x00000000c3b00000, 0x00000000c3c00000|  0%| F|  |TAMS 0x00000000c3b00000| PB 0x00000000c3b00000| Untracked 
|  60|0x00000000c3c00000, 0x00000000c3c00000, 0x00000000c3d00000|  0%| F|  |TAMS 0x00000000c3c00000| PB 0x00000000c3c00000| Untracked 
|  61|0x00000000c3d00000, 0x00000000c3d00000, 0x00000000c3e00000|  0%| F|  |TAMS 0x00000000c3d00000| PB 0x00000000c3d00000| Untracked 
|  62|0x00000000c3e00000, 0x00000000c3e00000, 0x00000000c3f00000|  0%| F|  |TAMS 0x00000000c3e00000| PB 0x00000000c3e00000| Untracked 
|  63|0x00000000c3f00000, 0x00000000c3f00000, 0x00000000c4000000|  0%| F|  |TAMS 0x00000000c3f00000| PB 0x00000000c3f00000| Untracked 
|  64|0x00000000c4000000, 0x00000000c4000000, 0x00000000c4100000|  0%| F|  |TAMS 0x00000000c4000000| PB 0x00000000c4000000| Untracked 
|  65|0x00000000c4100000, 0x00000000c4100000, 0x00000000c4200000|  0%| F|  |TAMS 0x00000000c4100000| PB 0x00000000c4100000| Untracked 
|  66|0x00000000c4200000, 0x00000000c4200000, 0x00000000c4300000|  0%| F|  |TAMS 0x00000000c4200000| PB 0x00000000c4200000| Untracked 
|  67|0x00000000c4300000, 0x00000000c4300000, 0x00000000c4400000|  0%| F|  |TAMS 0x00000000c4300000| PB 0x00000000c4300000| Untracked 
|  68|0x00000000c4400000, 0x00000000c4400000, 0x00000000c4500000|  0%| F|  |TAMS 0x00000000c4400000| PB 0x00000000c4400000| Untracked 
|  69|0x00000000c4500000, 0x00000000c4500000, 0x00000000c4600000|  0%| F|  |TAMS 0x00000000c4500000| PB 0x00000000c4500000| Untracked 
|  70|0x00000000c4600000, 0x00000000c4600000, 0x00000000c4700000|  0%| F|  |TAMS 0x00000000c4600000| PB 0x00000000c4600000| Untracked 
|  71|0x00000000c4700000, 0x00000000c4700000, 0x00000000c4800000|  0%| F|  |TAMS 0x00000000c4700000| PB 0x00000000c4700000| Untracked 
|  72|0x00000000c4800000, 0x00000000c4800000, 0x00000000c4900000|  0%| F|  |TAMS 0x00000000c4800000| PB 0x00000000c4800000| Untracked 
|  73|0x00000000c4900000, 0x00000000c4900000, 0x00000000c4a00000|  0%| F|  |TAMS 0x00000000c4900000| PB 0x00000000c4900000| Untracked 
|  74|0x00000000c4a00000, 0x00000000c4a00000, 0x00000000c4b00000|  0%| F|  |TAMS 0x00000000c4a00000| PB 0x00000000c4a00000| Untracked 
|  75|0x00000000c4b00000, 0x00000000c4ba2000, 0x00000000c4c00000| 63%| E|  |TAMS 0x00000000c4b00000| PB 0x00000000c4b00000| Complete 
|  76|0x00000000c4c00000, 0x00000000c4d00000, 0x00000000c4d00000|100%| E|CS|TAMS 0x00000000c4c00000| PB 0x00000000c4c00000| Complete 
|  77|0x00000000c4d00000, 0x00000000c4e00000, 0x00000000c4e00000|100%| E|CS|TAMS 0x00000000c4d00000| PB 0x00000000c4d00000| Complete 
|  78|0x00000000c4e00000, 0x00000000c4f00000, 0x00000000c4f00000|100%| E|CS|TAMS 0x00000000c4e00000| PB 0x00000000c4e00000| Complete 
|  79|0x00000000c4f00000, 0x00000000c5000000, 0x00000000c5000000|100%| E|CS|TAMS 0x00000000c4f00000| PB 0x00000000c4f00000| Complete 
|  80|0x00000000c5000000, 0x00000000c5100000, 0x00000000c5100000|100%| E|CS|TAMS 0x00000000c5000000| PB 0x00000000c5000000| Complete 
|  81|0x00000000c5100000, 0x00000000c5200000, 0x00000000c5200000|100%| E|CS|TAMS 0x00000000c5100000| PB 0x00000000c5100000| Complete 
|  82|0x00000000c5200000, 0x00000000c5300000, 0x00000000c5300000|100%| E|CS|TAMS 0x00000000c5200000| PB 0x00000000c5200000| Complete 
|  83|0x00000000c5300000, 0x00000000c5400000, 0x00000000c5400000|100%| E|CS|TAMS 0x00000000c5300000| PB 0x00000000c5300000| Complete 
|  84|0x00000000c5400000, 0x00000000c5500000, 0x00000000c5500000|100%| E|CS|TAMS 0x00000000c5400000| PB 0x00000000c5400000| Complete 
|  85|0x00000000c5500000, 0x00000000c5600000, 0x00000000c5600000|100%| E|CS|TAMS 0x00000000c5500000| PB 0x00000000c5500000| Complete 
|  86|0x00000000c5600000, 0x00000000c5700000, 0x00000000c5700000|100%| E|CS|TAMS 0x00000000c5600000| PB 0x00000000c5600000| Complete 
|  87|0x00000000c5700000, 0x00000000c5800000, 0x00000000c5800000|100%| E|CS|TAMS 0x00000000c5700000| PB 0x00000000c5700000| Complete 
|  88|0x00000000c5800000, 0x00000000c5900000, 0x00000000c5900000|100%| E|CS|TAMS 0x00000000c5800000| PB 0x00000000c5800000| Complete 
|  89|0x00000000c5900000, 0x00000000c5a00000, 0x00000000c5a00000|100%| E|CS|TAMS 0x00000000c5900000| PB 0x00000000c5900000| Complete 

Card table byte_map: [0x0000021324b50000,0x0000021324d50000] _byte_map_base: 0x0000021324550000

Marking Bits: (CMBitMap*) 0x00000213137df980
 Bits: [0x0000021324d50000, 0x0000021325d50000)

Polling page: 0x00000213115d0000

Metaspace:

Usage:
  Non-class:     75.82 MB used.
      Class:      9.70 MB used.
       Both:     85.51 MB used.

Virtual space:
  Non-class space:      128.00 MB reserved,      76.81 MB ( 60%) committed,  2 nodes.
      Class space:        1.00 GB reserved,      10.62 MB (  1%) committed,  1 nodes.
             Both:        1.12 GB reserved,      87.44 MB (  8%) committed. 

Chunk freelists:
   Non-Class:  3.29 MB
       Class:  5.52 MB
        Both:  8.81 MB

MaxMetaspaceSize: unlimited
CompressedClassSpaceSize: 1.00 GB
Initial GC threshold: 21.00 MB
Current GC threshold: 145.75 MB
CDS: off
 - commit_granule_bytes: 65536.
 - commit_granule_words: 8192.
 - virtual_space_node_default_size: 8388608.
 - enlarge_chunks_in_place: 1.
 - use_allocation_guard: 0.


Internal statistics:

num_allocs_failed_limit: 8.
num_arena_births: 1446.
num_arena_deaths: 474.
num_vsnodes_births: 3.
num_vsnodes_deaths: 0.
num_space_committed: 1396.
num_space_uncommitted: 0.
num_chunks_returned_to_freelist: 565.
num_chunks_taken_from_freelist: 5120.
num_chunk_merges: 133.
num_chunk_splits: 2994.
num_chunks_enlarged: 1617.
num_inconsistent_stats: 0.

CodeHeap 'non-profiled nmethods': size=120000Kb used=2109Kb max_used=6820Kb free=117890Kb
 bounds [0x000002131d0e0000, 0x000002131d790000, 0x0000021324610000]
CodeHeap 'profiled nmethods': size=120000Kb used=1453Kb max_used=21770Kb free=118546Kb
 bounds [0x0000021315610000, 0x0000021316b60000, 0x000002131cb40000]
CodeHeap 'non-nmethods': size=5760Kb used=2214Kb max_used=2312Kb free=3545Kb
 bounds [0x000002131cb40000, 0x000002131cdb0000, 0x000002131d0e0000]
 total_blobs=2815 nmethods=1661 adapters=1054
 compilation: enabled
              stopped_count=0, restarted_count=0
 full_count=0

Compilation events (20 events):
Event: 193692.396 Thread 0x000002132893ca30 nmethod 16702 0x000002131d27a610 code [0x000002131d27a7a0, 0x000002131d27a868]
Event: 193692.396 Thread 0x000002132893ca30 16703       1       java.lang.invoke.LambdaForm$BasicType::basicTypeClass (5 bytes)
Event: 193692.396 Thread 0x000002132893ca30 nmethod 16703 0x000002131d27a310 code [0x000002131d27a4a0, 0x000002131d27a568]
Event: 193692.396 Thread 0x000002132893ca30 16706       1       java.lang.invoke.MemberName::getDeclaringClass (5 bytes)
Event: 193692.396 Thread 0x000002132893ca30 nmethod 16706 0x000002131d279f10 code [0x000002131d27a0a0, 0x000002131d27a168]
Event: 193692.396 Thread 0x000002132893ca30 16700       3       jdk.internal.org.objectweb.asm.AnnotationVisitor::<init> (7 bytes)
Event: 193692.396 Thread 0x000002132893ca30 nmethod 16700 0x00000213156e9b90 code [0x00000213156e9d40, 0x00000213156e9e88]
Event: 193692.400 Thread 0x000002132893ca30 16707       3       java.lang.invoke.LambdaForm::create (95 bytes)
Event: 193692.401 Thread 0x0000021335dad700 nmethod 16696 0x000002131d4a0090 code [0x000002131d4a0240, 0x000002131d4a05f8]
Event: 193692.401 Thread 0x000002132893ca30 nmethod 16707 0x000002131568f190 code [0x000002131568f3a0, 0x000002131568f960]
Event: 193692.401 Thread 0x0000021335dad700 16704       4       jdk.internal.org.objectweb.asm.Frame::push (109 bytes)
Event: 193692.404 Thread 0x0000021335dad700 nmethod 16704 0x000002131d49fa90 code [0x000002131d49fc40, 0x000002131d49ff38]
Event: 193692.405 Thread 0x0000021335dad700 16695       4       java.lang.invoke.MethodType::equals (25 bytes)
Event: 193692.408 Thread 0x000002132893ca30 16708       3       java.lang.invoke.LambdaForm::fixResult (31 bytes)
Event: 193692.408 Thread 0x000002132893ca30 nmethod 16708 0x00000213156e9490 code [0x00000213156e9640, 0x00000213156e9810]
Event: 193692.408 Thread 0x000002132893ca30 16709       3       java.lang.invoke.LambdaForm::<init> (53 bytes)
Event: 193692.409 Thread 0x000002132893ca30 nmethod 16709 0x000002131568ec10 code [0x000002131568edc0, 0x000002131568f090]
Event: 193692.409 Thread 0x0000021335dad700 nmethod 16695 0x000002131d57f390 code [0x000002131d57f520, 0x000002131d57f710]
Event: 193692.413 Thread 0x0000021335dad700 16710       4       java.lang.invoke.BoundMethodHandle$Species_L::speciesData (4 bytes)
Event: 193692.414 Thread 0x0000021335dad700 nmethod 16710 0x000002131d49f610 code [0x000002131d49f7a0, 0x000002131d49f830]

GC Heap History (20 events):
Event: 160641.383 GC heap before
{Heap before GC invocations=161 (full 0):
 garbage-first heap   total 92160K, used 85012K [0x00000000c0000000, 0x0000000100000000)
  region size 1024K, 42 young (43008K), 1 survivors (1024K)
 Metaspace       used 87485K, committed 89536K, reserved 1179648K
  class space    used 9919K, committed 10880K, reserved 1048576K
}
Event: 160641.402 GC heap after
{Heap after GC invocations=162 (full 0):
 garbage-first heap   total 92160K, used 43038K [0x00000000c0000000, 0x0000000100000000)
  region size 1024K, 1 young (1024K), 1 survivors (1024K)
 Metaspace       used 87485K, committed 89536K, reserved 1179648K
  class space    used 9919K, committed 10880K, reserved 1048576K
}
Event: 162243.843 GC heap before
{Heap before GC invocations=163 (full 0):
 garbage-first heap   total 92160K, used 85022K [0x00000000c0000000, 0x0000000100000000)
  region size 1024K, 42 young (43008K), 1 survivors (1024K)
 Metaspace       used 87485K, committed 89536K, reserved 1179648K
  class space    used 9919K, committed 10880K, reserved 1048576K
}
Event: 162243.846 GC heap after
{Heap after GC invocations=164 (full 0):
 garbage-first heap   total 92160K, used 43042K [0x00000000c0000000, 0x0000000100000000)
  region size 1024K, 1 young (1024K), 1 survivors (1024K)
 Metaspace       used 87485K, committed 89536K, reserved 1179648K
  class space    used 9919K, committed 10880K, reserved 1048576K
}
Event: 164212.374 GC heap before
{Heap before GC invocations=164 (full 0):
 garbage-first heap   total 92160K, used 85026K [0x00000000c0000000, 0x0000000100000000)
  region size 1024K, 42 young (43008K), 1 survivors (1024K)
 Metaspace       used 87486K, committed 89536K, reserved 1179648K
  class space    used 9920K, committed 10880K, reserved 1048576K
}
Event: 164212.507 GC heap after
{Heap after GC invocations=165 (full 0):
 garbage-first heap   total 92160K, used 43044K [0x00000000c0000000, 0x0000000100000000)
  region size 1024K, 1 young (1024K), 1 survivors (1024K)
 Metaspace       used 87486K, committed 89536K, reserved 1179648K
  class space    used 9920K, committed 10880K, reserved 1048576K
}
Event: 165769.088 GC heap before
{Heap before GC invocations=166 (full 0):
 garbage-first heap   total 92160K, used 85028K [0x00000000c0000000, 0x0000000100000000)
  region size 1024K, 42 young (43008K), 1 survivors (1024K)
 Metaspace       used 87486K, committed 89536K, reserved 1179648K
  class space    used 9920K, committed 10880K, reserved 1048576K
}
Event: 165769.135 GC heap after
{Heap after GC invocations=167 (full 0):
 garbage-first heap   total 92160K, used 43177K [0x00000000c0000000, 0x0000000100000000)
  region size 1024K, 1 young (1024K), 1 survivors (1024K)
 Metaspace       used 87486K, committed 89536K, reserved 1179648K
  class space    used 9920K, committed 10880K, reserved 1048576K
}
Event: 167480.757 GC heap before
{Heap before GC invocations=167 (full 0):
 garbage-first heap   total 92160K, used 85161K [0x00000000c0000000, 0x0000000100000000)
  region size 1024K, 42 young (43008K), 1 survivors (1024K)
 Metaspace       used 87486K, committed 89536K, reserved 1179648K
  class space    used 9920K, committed 10880K, reserved 1048576K
}
Event: 167480.838 GC heap after
{Heap after GC invocations=168 (full 0):
 garbage-first heap   total 92160K, used 43060K [0x00000000c0000000, 0x0000000100000000)
  region size 1024K, 1 young (1024K), 1 survivors (1024K)
 Metaspace       used 87486K, committed 89536K, reserved 1179648K
  class space    used 9920K, committed 10880K, reserved 1048576K
}
Event: 169196.836 GC heap before
{Heap before GC invocations=169 (full 0):
 garbage-first heap   total 92160K, used 85044K [0x00000000c0000000, 0x0000000100000000)
  region size 1024K, 42 young (43008K), 1 survivors (1024K)
 Metaspace       used 87486K, committed 89536K, reserved 1179648K
  class space    used 9920K, committed 10880K, reserved 1048576K
}
Event: 169196.922 GC heap after
{Heap after GC invocations=170 (full 0):
 garbage-first heap   total 92160K, used 43066K [0x00000000c0000000, 0x0000000100000000)
  region size 1024K, 1 young (1024K), 1 survivors (1024K)
 Metaspace       used 87486K, committed 89536K, reserved 1179648K
  class space    used 9920K, committed 10880K, reserved 1048576K
}
Event: 170783.463 GC heap before
{Heap before GC invocations=170 (full 0):
 garbage-first heap   total 92160K, used 85050K [0x00000000c0000000, 0x0000000100000000)
  region size 1024K, 42 young (43008K), 1 survivors (1024K)
 Metaspace       used 87486K, committed 89536K, reserved 1179648K
  class space    used 9920K, committed 10880K, reserved 1048576K
}
Event: 170783.535 GC heap after
{Heap after GC invocations=171 (full 0):
 garbage-first heap   total 92160K, used 43084K [0x00000000c0000000, 0x0000000100000000)
  region size 1024K, 1 young (1024K), 1 survivors (1024K)
 Metaspace       used 87486K, committed 89536K, reserved 1179648K
  class space    used 9920K, committed 10880K, reserved 1048576K
}
Event: 189762.999 GC heap before
{Heap before GC invocations=172 (full 0):
 garbage-first heap   total 92160K, used 84044K [0x00000000c0000000, 0x0000000100000000)
  region size 1024K, 41 young (41984K), 1 survivors (1024K)
 Metaspace       used 87487K, committed 89536K, reserved 1179648K
  class space    used 9920K, committed 10880K, reserved 1048576K
}
Event: 189763.052 GC heap after
{Heap after GC invocations=173 (full 0):
 garbage-first heap   total 92160K, used 43130K [0x00000000c0000000, 0x0000000100000000)
  region size 1024K, 1 young (1024K), 1 survivors (1024K)
 Metaspace       used 87487K, committed 89536K, reserved 1179648K
  class space    used 9920K, committed 10880K, reserved 1048576K
}
Event: 191459.305 GC heap before
{Heap before GC invocations=173 (full 0):
 garbage-first heap   total 92160K, used 84090K [0x00000000c0000000, 0x0000000100000000)
  region size 1024K, 41 young (41984K), 1 survivors (1024K)
 Metaspace       used 87487K, committed 89536K, reserved 1179648K
  class space    used 9920K, committed 10880K, reserved 1048576K
}
Event: 191459.358 GC heap after
{Heap after GC invocations=174 (full 0):
 garbage-first heap   total 92160K, used 42911K [0x00000000c0000000, 0x0000000100000000)
  region size 1024K, 1 young (1024K), 1 survivors (1024K)
 Metaspace       used 87487K, committed 89536K, reserved 1179648K
  class space    used 9920K, committed 10880K, reserved 1048576K
}
Event: 193131.996 GC heap before
{Heap before GC invocations=174 (full 0):
 garbage-first heap   total 92160K, used 84895K [0x00000000c0000000, 0x0000000100000000)
  region size 1024K, 42 young (43008K), 1 survivors (1024K)
 Metaspace       used 87487K, committed 89536K, reserved 1179648K
  class space    used 9920K, committed 10880K, reserved 1048576K
}
Event: 193132.078 GC heap after
{Heap after GC invocations=175 (full 0):
 garbage-first heap   total 92160K, used 42909K [0x00000000c0000000, 0x0000000100000000)
  region size 1024K, 1 young (1024K), 1 survivors (1024K)
 Metaspace       used 87487K, committed 89536K, reserved 1179648K
  class space    used 9920K, committed 10880K, reserved 1048576K
}

Dll operation events (19 events):
Event: 0.112 Loaded shared library C:\Users\Nkosinathi Radebe\AppData\Local\DBeaver\jre\bin\java.dll
Event: 0.173 Loaded shared library C:\Users\Nkosinathi Radebe\AppData\Local\DBeaver\jre\bin\zip.dll
Event: 0.554 Loaded shared library C:\Users\Nkosinathi Radebe\AppData\Local\DBeaver\jre\bin\net.dll
Event: 0.626 Loaded shared library C:\Users\Nkosinathi Radebe\AppData\Local\DBeaver\jre\bin\nio.dll
Event: 0.648 Loaded shared library C:\Users\Nkosinathi Radebe\AppData\Local\DBeaver\jre\bin\zip.dll
Event: 0.827 Loaded shared library C:\Users\Nkosinathi Radebe\AppData\Local\DBeaver\jre\bin\awt.dll
Event: 1.304 Loaded shared library C:\Users\Nkosinathi Radebe\AppData\Local\DBeaver\jre\bin\jimage.dll
Event: 6.455 Loaded shared library C:\Users\Nkosinathi Radebe\AppData\Local\DBeaver\swt-osversion-win32-4969r18.dll
Event: 6.579 Loaded shared library C:\Users\Nkosinathi Radebe\AppData\Local\DBeaver\swt-win32-4969r18.dll
Event: 7.128 Loaded shared library C:\Users\Nkosinathi Radebe\AppData\Local\DBeaver\swt-gdip-win32-4969r18.dll
Event: 11.251 Loaded shared library C:\Users\Nkosinathi Radebe\AppData\Local\Temp\jna--1948062887\jna15438864721689632817.dll
Event: 12.502 Loaded shared library C:\Users\Nkosinathi Radebe\AppData\Local\DBeaver\jre\bin\sunmscapi.dll
Event: 13.186 Loaded shared library C:\Users\Nkosinathi Radebe\AppData\Local\DBeaver\jre\bin\jaas.dll
Event: 14.198 Loaded shared library C:\Users\Nkosinathi Radebe\AppData\Local\DBeaver\jre\bin\extnet.dll
Event: 28.507 Loaded shared library C:\Users\Nkosinathi Radebe\AppData\Local\DBeaver\jre\bin\mlib_image.dll
Event: 34.945 Loaded shared library C:\Users\Nkosinathi Radebe\AppData\Local\DBeaver\jre\bin\freetype.dll
Event: 34.947 Loaded shared library C:\Users\Nkosinathi Radebe\AppData\Local\DBeaver\jre\bin\fontmanager.dll
Event: 48.320 Loaded shared library C:\Users\Nkosinathi Radebe\AppData\Local\DBeaver\jre\bin\management.dll
Event: 48.325 Loaded shared library C:\Users\Nkosinathi Radebe\AppData\Local\DBeaver\jre\bin\management_ext.dll

Deoptimization events (20 events):
Event: 163799.635 Thread 0x000002132d38a510 Uncommon trap: trap_request=0xffffffd6 fr.pc=0x000002131d38cefc relative=0x000000000000099c
Event: 163799.635 Thread 0x000002132d38a510 Uncommon trap: reason=array_check action=maybe_recompile pc=0x000002131d38cefc method=java.util.concurrent.ScheduledThreadPoolExecutor$DelayedWorkQueue.offer(Ljava/lang/Runnable;)Z @ 65 c2
Event: 163799.635 Thread 0x000002132d38a510 DEOPT PACKING pc=0x000002131d38cefc sp=0x000000d41b9ff610
Event: 163799.635 Thread 0x000002132d38a510 DEOPT UNPACKING pc=0x000002131cb946a2 sp=0x000000d41b9ff420 mode 2
Event: 163829.645 Thread 0x000002132d38a510 Uncommon trap: trap_request=0xffffffd6 fr.pc=0x000002131d38cefc relative=0x000000000000099c
Event: 163829.645 Thread 0x000002132d38a510 Uncommon trap: reason=array_check action=maybe_recompile pc=0x000002131d38cefc method=java.util.concurrent.ScheduledThreadPoolExecutor$DelayedWorkQueue.offer(Ljava/lang/Runnable;)Z @ 65 c2
Event: 163829.645 Thread 0x000002132d38a510 DEOPT PACKING pc=0x000002131d38cefc sp=0x000000d41b9ff610
Event: 163829.645 Thread 0x000002132d38a510 DEOPT UNPACKING pc=0x000002131cb946a2 sp=0x000000d41b9ff420 mode 2
Event: 184675.128 Thread 0x000002132dce47b0 Uncommon trap: trap_request=0xffffff45 fr.pc=0x000002131d2bc10c relative=0x000000000000006c
Event: 184675.129 Thread 0x000002132dce47b0 Uncommon trap: reason=unstable_if action=reinterpret pc=0x000002131d2bc10c method=org.eclipse.core.internal.jobs.Worker.setNormPriority()V @ 5 c2
Event: 184675.130 Thread 0x000002132dce47b0 DEOPT PACKING pc=0x000002131d2bc10c sp=0x000000d41a7ff0c0
Event: 184675.132 Thread 0x000002132dce47b0 DEOPT UNPACKING pc=0x000002131cb946a2 sp=0x000000d41a7ff020 mode 2
Event: 189653.554 Thread 0x000002132dce3a90 DEOPT PACKING pc=0x0000021315819423 sp=0x000000d41d5ff4f0
Event: 189653.557 Thread 0x000002132dce3a90 DEOPT UNPACKING pc=0x000002131cb94e42 sp=0x000000d41d5fea58 mode 0
Event: 192559.402 Thread 0x000002132dce5b60 DEOPT PACKING pc=0x0000021315819423 sp=0x000000d41d0ff3b0
Event: 192559.403 Thread 0x000002132dce5b60 DEOPT UNPACKING pc=0x000002131cb94e42 sp=0x000000d41d0fe918 mode 0
Event: 193691.803 Thread 0x00000213111022d0 Uncommon trap: trap_request=0xffffff45 fr.pc=0x000002131d35a16c relative=0x000000000000030c
Event: 193691.804 Thread 0x00000213111022d0 Uncommon trap: reason=unstable_if action=reinterpret pc=0x000002131d35a16c method=org.eclipse.swt.internal.DPIUtil.scaleDown(Lorg/eclipse/swt/graphics/Rectangle;I)Lorg/eclipse/swt/graphics/Rectangle; @ 3 c2
Event: 193691.804 Thread 0x00000213111022d0 DEOPT PACKING pc=0x000002131d35a16c sp=0x000000d41a4fcfc0
Event: 193691.805 Thread 0x00000213111022d0 DEOPT UNPACKING pc=0x000002131cb946a2 sp=0x000000d41a4fcf50 mode 2

Classes loaded (20 events):
Event: 193691.793 Loading class sun/java2d/d3d/D3DGraphicsDevice
Event: 193692.003 Loading class sun/awt/Win32GraphicsDevice
Event: 193692.073 Loading class sun/awt/Win32GraphicsDevice done
Event: 193692.073 Loading class sun/java2d/d3d/D3DGraphicsDevice done
Event: 193692.178 Loading class sun/java2d/d3d/D3DRenderQueue
Event: 193692.219 Loading class sun/java2d/pipe/RenderQueue
Event: 193692.229 Loading class sun/java2d/pipe/RenderQueue done
Event: 193692.229 Loading class sun/java2d/d3d/D3DRenderQueue done
Event: 193692.229 Loading class sun/java2d/pipe/RenderBuffer
Event: 193692.261 Loading class sun/java2d/pipe/RenderBuffer done
Event: 193692.263 Loading class sun/java2d/d3d/D3DRenderQueue$1
Event: 193692.267 Loading class sun/java2d/d3d/D3DRenderQueue$1 done
Event: 193692.275 Loading class sun/java2d/d3d/D3DGraphicsDevice$1Result
Event: 193692.276 Loading class sun/java2d/d3d/D3DGraphicsDevice$1Result done
Event: 193692.276 Loading class sun/java2d/d3d/D3DGraphicsDevice$1
Event: 193692.279 Loading class sun/java2d/d3d/D3DGraphicsDevice$1 done
Event: 193692.286 Loading class sun/java2d/d3d/D3DContext$D3DContextCaps
Event: 193692.296 Loading class sun/java2d/pipe/hw/ContextCapabilities
Event: 193692.306 Loading class sun/java2d/pipe/hw/ContextCapabilities done
Event: 193692.306 Loading class sun/java2d/d3d/D3DContext$D3DContextCaps done

Classes unloaded (20 events):
Event: 63294.509 Thread 0x0000021328766060 Unloading class 0x00000001009b6c00 'java/lang/invoke/LambdaForm$MH+0x00000001009b6c00'
Event: 63294.509 Thread 0x0000021328766060 Unloading class 0x00000001009b7400 'java/lang/invoke/LambdaForm$MH+0x00000001009b7400'
Event: 63294.510 Thread 0x0000021328766060 Unloading class 0x0000000100a45c00 'java/lang/invoke/LambdaForm$MH+0x0000000100a45c00'
Event: 63294.511 Thread 0x0000021328766060 Unloading class 0x0000000100a74400 'java/lang/invoke/LambdaForm$MH+0x0000000100a74400'
Event: 77730.546 Thread 0x0000021328766060 Unloading class 0x0000000100614800 'java/lang/invoke/LambdaForm$MH+0x0000000100614800'
Event: 77730.546 Thread 0x0000021328766060 Unloading class 0x00000001006a8400 'java/lang/invoke/LambdaForm$MH+0x00000001006a8400'
Event: 77730.546 Thread 0x0000021328766060 Unloading class 0x00000001006bc000 'java/lang/invoke/LambdaForm$MH+0x00000001006bc000'
Event: 77730.546 Thread 0x0000021328766060 Unloading class 0x00000001006f4000 'java/lang/invoke/LambdaForm$MH+0x00000001006f4000'
Event: 77730.546 Thread 0x0000021328766060 Unloading class 0x00000001006f4800 'java/lang/invoke/LambdaForm$MH+0x00000001006f4800'
Event: 77730.546 Thread 0x0000021328766060 Unloading class 0x000000010073d800 'java/lang/invoke/LambdaForm$MH+0x000000010073d800'
Event: 77730.546 Thread 0x0000021328766060 Unloading class 0x0000000100752800 'java/lang/invoke/LambdaForm$MH+0x0000000100752800'
Event: 77730.546 Thread 0x0000021328766060 Unloading class 0x0000000100798000 'java/lang/invoke/LambdaForm$MH+0x0000000100798000'
Event: 77730.546 Thread 0x0000021328766060 Unloading class 0x0000000100859000 'java/lang/invoke/LambdaForm$MH+0x0000000100859000'
Event: 77730.546 Thread 0x0000021328766060 Unloading class 0x0000000100897000 'java/lang/invoke/LambdaForm$MH+0x0000000100897000'
Event: 77730.546 Thread 0x0000021328766060 Unloading class 0x000000010090d800 'java/lang/invoke/LambdaForm$MH+0x000000010090d800'
Event: 77730.546 Thread 0x0000021328766060 Unloading class 0x00000001009a4800 'java/lang/invoke/LambdaForm$MH+0x00000001009a4800'
Event: 77730.546 Thread 0x0000021328766060 Unloading class 0x00000001009a6000 'java/lang/invoke/LambdaForm$MH+0x00000001009a6000'
Event: 77730.546 Thread 0x0000021328766060 Unloading class 0x00000001009a6c00 'java/lang/invoke/LambdaForm$MH+0x00000001009a6c00'
Event: 77730.546 Thread 0x0000021328766060 Unloading class 0x00000001009a7c00 'java/lang/invoke/LambdaForm$MH+0x00000001009a7c00'
Event: 77730.546 Thread 0x0000021328766060 Unloading class 0x00000001009a8800 'java/lang/invoke/LambdaForm$MH+0x00000001009a8800'

Classes redefined (0 events):
No events

Internal exceptions (20 events):
Event: 49691.976 Thread 0x000002132dce61f0 Exception <a 'java/io/IOException'{0x00000000c295ee28}> (0x00000000c295ee28) 
thrown [s\src\hotspot\share\prims\jni.cpp, line 520]
Event: 49691.976 Thread 0x000002132dce61f0 Exception <a 'java/io/IOException'{0x00000000c295f5a8}> (0x00000000c295f5a8) 
thrown [s\src\hotspot\share\prims\jni.cpp, line 520]
Event: 49691.976 Thread 0x000002132dce61f0 Exception <a 'java/io/IOException'{0x00000000c295fad8}> (0x00000000c295fad8) 
thrown [s\src\hotspot\share\prims\jni.cpp, line 520]
Event: 49691.976 Thread 0x000002132dce61f0 Exception <a 'java/io/IOException'{0x00000000c2960000}> (0x00000000c2960000) 
thrown [s\src\hotspot\share\prims\jni.cpp, line 520]
Event: 49691.976 Thread 0x000002132dce61f0 Exception <a 'java/io/IOException'{0x00000000c29603c0}> (0x00000000c29603c0) 
thrown [s\src\hotspot\share\prims\jni.cpp, line 520]
Event: 49691.976 Thread 0x000002132dce61f0 Exception <a 'java/io/IOException'{0x00000000c29606d8}> (0x00000000c29606d8) 
thrown [s\src\hotspot\share\prims\jni.cpp, line 520]
Event: 49691.987 Thread 0x00000213345d8e60 Exception <a 'java/io/IOException'{0x00000000c2953a70}> (0x00000000c2953a70) 
thrown [s\src\hotspot\share\prims\jni.cpp, line 520]
Event: 49691.987 Thread 0x00000213345d8e60 Exception <a 'java/io/IOException'{0x00000000c2954070}> (0x00000000c2954070) 
thrown [s\src\hotspot\share\prims\jni.cpp, line 520]
Event: 49691.987 Thread 0x00000213345d8e60 Exception <a 'java/io/IOException'{0x00000000c2954638}> (0x00000000c2954638) 
thrown [s\src\hotspot\share\prims\jni.cpp, line 520]
Event: 49691.990 Thread 0x00000213345d8e60 Exception <a 'java/io/IOException'{0x00000000c29627b8}> (0x00000000c29627b8) 
thrown [s\src\hotspot\share\prims\jni.cpp, line 520]
Event: 49691.990 Thread 0x00000213345d8e60 Exception <a 'java/io/IOException'{0x00000000c2962b08}> (0x00000000c2962b08) 
thrown [s\src\hotspot\share\prims\jni.cpp, line 520]
Event: 49691.990 Thread 0x00000213345d8e60 Exception <a 'java/io/IOException'{0x00000000c2962e20}> (0x00000000c2962e20) 
thrown [s\src\hotspot\share\prims\jni.cpp, line 520]
Event: 49693.074 Thread 0x00000213111022d0 Implicit null exception at 0x000002131d325fa8 to 0x000002131d326edc
Event: 49693.074 Thread 0x00000213111022d0 Implicit null exception at 0x000002131d30b9e0 to 0x000002131d30c388
Event: 184679.093 Thread 0x000002132dce4120 Exception <a 'java/io/IOException'{0x00000000c50ac590}> (0x00000000c50ac590) 
thrown [s\src\hotspot\share\prims\jni.cpp, line 520]
Event: 184679.096 Thread 0x000002132dce4120 Exception <a 'java/io/IOException'{0x00000000c50acb90}> (0x00000000c50acb90) 
thrown [s\src\hotspot\share\prims\jni.cpp, line 520]
Event: 184679.096 Thread 0x000002132dce4120 Exception <a 'java/io/IOException'{0x00000000c50ad158}> (0x00000000c50ad158) 
thrown [s\src\hotspot\share\prims\jni.cpp, line 520]
Event: 188139.200 Thread 0x000002132dce2d70 Exception <a 'java/io/IOException'{0x00000000c50d5198}> (0x00000000c50d5198) 
thrown [s\src\hotspot\share\prims\jni.cpp, line 520]
Event: 188139.200 Thread 0x000002132dce2d70 Exception <a 'java/io/IOException'{0x00000000c50d5798}> (0x00000000c50d5798) 
thrown [s\src\hotspot\share\prims\jni.cpp, line 520]
Event: 188139.250 Thread 0x000002132dce2d70 Exception <a 'java/io/IOException'{0x00000000c50d5d60}> (0x00000000c50d5d60) 
thrown [s\src\hotspot\share\prims\jni.cpp, line 520]

ZGC Phase Switch (0 events):
No events

VM Operations (20 events):
Event: 193437.127 Executing VM operation: RendezvousGCThreads
Event: 193437.127 Executing VM operation: RendezvousGCThreads done
Event: 193497.321 Executing VM operation: HandshakeAllThreads (HandshakeForDeflation)
Event: 193497.321 Executing VM operation: HandshakeAllThreads (HandshakeForDeflation) done
Event: 193497.321 Executing VM operation: RendezvousGCThreads
Event: 193497.321 Executing VM operation: RendezvousGCThreads done
Event: 193557.495 Executing VM operation: HandshakeAllThreads (HandshakeForDeflation)
Event: 193557.495 Executing VM operation: HandshakeAllThreads (HandshakeForDeflation) done
Event: 193557.495 Executing VM operation: RendezvousGCThreads
Event: 193557.495 Executing VM operation: RendezvousGCThreads done
Event: 193617.629 Executing VM operation: HandshakeAllThreads (HandshakeForDeflation)
Event: 193617.629 Executing VM operation: HandshakeAllThreads (HandshakeForDeflation) done
Event: 193617.629 Executing VM operation: RendezvousGCThreads
Event: 193617.629 Executing VM operation: RendezvousGCThreads done
Event: 193677.761 Executing VM operation: HandshakeAllThreads (HandshakeForDeflation)
Event: 193677.761 Executing VM operation: HandshakeAllThreads (HandshakeForDeflation) done
Event: 193677.761 Executing VM operation: RendezvousGCThreads
Event: 193677.761 Executing VM operation: RendezvousGCThreads done
Event: 193690.910 Executing VM operation: Cleanup
Event: 193690.910 Executing VM operation: Cleanup done

Memory protections (0 events):
No events

Nmethod flushes (20 events):
Event: 164212.942 Thread 0x0000021328766060 flushing  nmethod 0x00000213156a3490
Event: 167481.115 Thread 0x0000021328766060 flushing  nmethod 0x0000021315751110
Event: 167481.115 Thread 0x0000021328766060 flushing  nmethod 0x0000021315798990
Event: 167481.116 Thread 0x0000021328766060 flushing  nmethod 0x0000021315675490
Event: 167481.116 Thread 0x0000021328766060 flushing  nmethod 0x000002131564dc10
Event: 167481.116 Thread 0x0000021328766060 flushing  nmethod 0x0000021316309210
Event: 167481.116 Thread 0x0000021328766060 flushing  nmethod 0x000002131d38c290
Event: 167481.117 Thread 0x0000021328766060 flushing  nmethod 0x0000021315680d10
Event: 167481.117 Thread 0x0000021328766060 flushing  nmethod 0x00000213156c2290
Event: 167481.117 Thread 0x0000021328766060 flushing  nmethod 0x0000021315658810
Event: 167481.118 Thread 0x0000021328766060 flushing  nmethod 0x0000021315662f10
Event: 167481.118 Thread 0x0000021328766060 flushing  nmethod 0x0000021315626990
Event: 167481.118 Thread 0x0000021328766060 flushing  nmethod 0x000002131566fa90
Event: 167481.119 Thread 0x0000021328766060 flushing  nmethod 0x00000213158d8110
Event: 170783.757 Thread 0x0000021328766060 flushing  nmethod 0x000002131567ea90
Event: 170783.758 Thread 0x0000021328766060 flushing  nmethod 0x000002131564a910
Event: 170783.759 Thread 0x0000021328766060 flushing  nmethod 0x000002131566ff10
Event: 170783.759 Thread 0x0000021328766060 flushing  nmethod 0x00000213156e5310
Event: 170783.759 Thread 0x0000021328766060 flushing  nmethod 0x0000021316169490
Event: 193132.423 Thread 0x0000021328766060 flushing  nmethod 0x000002131580eb90

Events (20 events):
Event: 193237.772 Thread 0x000002132dce61f0 Thread added: 0x000002132dce82c0
Event: 193320.394 Thread 0x000002132dce3400 Thread added: 0x000002132dce8950
Event: 193410.697 Thread 0x000002132d924740 Thread added: 0x000002132dce8fe0
Event: 193411.776 Thread 0x000002132dce8fe0 Thread exited: 0x000002132dce8fe0
Event: 193431.979 Thread 0x000002132d924740 Thread added: 0x000002132dce7c30
Event: 193433.000 Thread 0x000002132dce7c30 Thread exited: 0x000002132dce7c30
Event: 193435.415 Thread 0x000002132d924740 Thread added: 0x000002132dce9d00
Event: 193436.440 Thread 0x000002132dce9d00 Thread exited: 0x000002132dce9d00
Event: 193442.887 Thread 0x000002132d924740 Thread added: 0x000002132dce9670
Event: 193444.602 Thread 0x000002132dce9670 Thread exited: 0x000002132dce9670
Event: 193611.258 Thread 0x000002132dce4120 Thread added: 0x000002132dce8fe0
Event: 193689.219 Thread 0x000002132d924740 Thread added: 0x000002132dce75a0
Event: 193690.103 Thread 0x000002132d924740 Thread added: 0x000002132dce7c30
Event: 193690.219 Thread 0x000002132893ca30 Thread added: 0x0000021335dac960
Event: 193691.142 Thread 0x000002132dce75a0 Thread exited: 0x000002132dce75a0
Event: 193691.143 Thread 0x000002132dce7c30 Thread exited: 0x000002132dce7c30
Event: 193691.771 Thread 0x000002132d924740 Thread added: 0x000002132dce9d00
Event: 193691.783 Thread 0x000002132d924740 Thread added: 0x000002132dce9670
Event: 193691.873 Thread 0x0000021335dac960 Thread exited: 0x0000021335dac960
Event: 193692.353 Thread 0x000002132893ca30 Thread added: 0x0000021335dad700


Dynamic libraries:
0x00007ff751d60000 - 0x00007ff751de5000 	C:\Users\Nkosinathi Radebe\AppData\Local\DBeaver\dbeaver.exe
0x00007ffb507c0000 - 0x00007ffb50a27000 	C:\WINDOWS\SYSTEM32\ntdll.dll
0x00007ffb4fa90000 - 0x00007ffb4fb59000 	C:\WINDOWS\System32\KERNEL32.DLL
0x00007ffb4df40000 - 0x00007ffb4e330000 	C:\WINDOWS\System32\KERNELBASE.dll
0x00007ffb4e6b0000 - 0x00007ffb4e875000 	C:\WINDOWS\System32\USER32.dll
0x00007ffb4d9a0000 - 0x00007ffb4d9c7000 	C:\WINDOWS\System32\win32u.dll
0x00007ffb4ffd0000 - 0x00007ffb4fffb000 	C:\WINDOWS\System32\GDI32.dll
0x00007ffb4dcb0000 - 0x00007ffb4dde8000 	C:\WINDOWS\System32\gdi32full.dll
0x00007ffb4d8f0000 - 0x00007ffb4d993000 	C:\WINDOWS\System32\msvcp_win.dll
0x00007ffb4ddf0000 - 0x00007ffb4df3b000 	C:\WINDOWS\System32\ucrtbase.dll
0x00007ffb35dd0000 - 0x00007ffb3606a000 	C:\WINDOWS\WinSxS\amd64_microsoft.windows.common-controls_6595b64144ccf1df_6.0.26100.4768_none_3e0c112ce331287c\COMCTL32.dll
0x00007ffb4e880000 - 0x00007ffb4e929000 	C:\WINDOWS\System32\msvcrt.dll
0x00007ffb50670000 - 0x00007ffb5069f000 	C:\WINDOWS\System32\IMM32.DLL
0x00007ffae5e90000 - 0x00007ffae5ed5000 	C:\Users\Nkosinathi Radebe\AppData\Local\DBeaver\plugins\org.eclipse.equinox.launcher.win32.win32.x86_64_1.2.1300.v20250331-1702\eclipse_11911.dll
0x00007ffb506c0000 - 0x00007ffb50774000 	C:\WINDOWS\System32\ADVAPI32.dll
0x00007ffb50140000 - 0x00007ffb501e6000 	C:\WINDOWS\System32\sechost.dll
0x00007ffb4f590000 - 0x00007ffb4f6a8000 	C:\WINDOWS\System32\RPCRT4.dll
0x00007ffb4f6b0000 - 0x00007ffb4f850000 	C:\WINDOWS\System32\ole32.dll
0x00007ffb502e0000 - 0x00007ffb50665000 	C:\WINDOWS\System32\combase.dll
0x00007ffb3e710000 - 0x00007ffb3e71b000 	C:\WINDOWS\SYSTEM32\VERSION.dll
0x00007ffa8fe10000 - 0x00007ffa90b9f000 	C:\Users\Nkosinathi Radebe\AppData\Local\DBeaver\jre\bin\server\jvm.dll
0x00007ffb4f9a0000 - 0x00007ffb4fa14000 	C:\WINDOWS\System32\WS2_32.dll
0x00007ffb4d750000 - 0x00007ffb4d7ae000 	C:\WINDOWS\SYSTEM32\POWRPROF.dll
0x00007ffb34600000 - 0x00007ffb34635000 	C:\WINDOWS\SYSTEM32\WINMM.dll
0x00007ffb31210000 - 0x00007ffb3122f000 	C:\WINDOWS\SYSTEM32\VCRUNTIME140.dll
0x00007ffb313f0000 - 0x00007ffb313fc000 	C:\WINDOWS\SYSTEM32\VCRUNTIME140_1.dll
0x00007ffb4d730000 - 0x00007ffb4d744000 	C:\WINDOWS\SYSTEM32\UMPDC.dll
0x00007ffb0f990000 - 0x00007ffb0f99a000 	C:\Users\Nkosinathi Radebe\AppData\Local\DBeaver\jre\bin\jimage.dll
0x00007ffb480e0000 - 0x00007ffb48321000 	C:\WINDOWS\SYSTEM32\DBGHELP.DLL
0x00007ffb501f0000 - 0x00007ffb502d0000 	C:\WINDOWS\System32\OLEAUT32.dll
0x00007ffb310f0000 - 0x00007ffb31133000 	C:\WINDOWS\SYSTEM32\dbgcore.DLL
0x00007ffb4db50000 - 0x00007ffb4dbe9000 	C:\WINDOWS\System32\bcryptPrimitives.dll
0x00007ffaefcd0000 - 0x00007ffaefcef000 	C:\Users\Nkosinathi Radebe\AppData\Local\DBeaver\jre\bin\java.dll
0x00007ffb4c630000 - 0x00007ffb4c64b000 	C:\WINDOWS\SYSTEM32\kernel.appcore.dll
0x00007ffaed3f0000 - 0x00007ffaed408000 	C:\Users\Nkosinathi Radebe\AppData\Local\DBeaver\jre\bin\zip.dll
0x00007ffb4ee40000 - 0x00007ffb4f58d000 	C:\WINDOWS\System32\SHELL32.dll
0x00007ffb4e3d0000 - 0x00007ffb4e543000 	C:\WINDOWS\System32\wintypes.dll
0x00007ffb4b490000 - 0x00007ffb4bcf0000 	C:\WINDOWS\SYSTEM32\windows.storage.dll
0x00007ffb4fd60000 - 0x00007ffb4fe55000 	C:\WINDOWS\System32\SHCORE.dll
0x00007ffb4edd0000 - 0x00007ffb4ee3a000 	C:\WINDOWS\System32\shlwapi.dll
0x00007ffb4d810000 - 0x00007ffb4d839000 	C:\WINDOWS\SYSTEM32\profapi.dll
0x00007ffb0de80000 - 0x00007ffb0de90000 	C:\Users\Nkosinathi Radebe\AppData\Local\DBeaver\jre\bin\net.dll
0x00007ffb3eb50000 - 0x00007ffb3ec6e000 	C:\WINDOWS\SYSTEM32\WINHTTP.dll
0x00007ffb4cba0000 - 0x00007ffb4cc0b000 	C:\WINDOWS\system32\mswsock.dll
0x00007ffaed2f0000 - 0x00007ffaed306000 	C:\Users\Nkosinathi Radebe\AppData\Local\DBeaver\jre\bin\nio.dll
0x00007ffaac220000 - 0x00007ffaac3ae000 	C:\Users\Nkosinathi Radebe\AppData\Local\DBeaver\jre\bin\awt.dll
0x00007ffb31c60000 - 0x00007ffb31ce8000 	C:\WINDOWS\SYSTEM32\MSVCP140.dll
0x00007ffb47270000 - 0x00007ffb4730e000 	C:\WINDOWS\SYSTEM32\apphelp.dll
0x00007ffb3c150000 - 0x00007ffb3c171000 	C:\Users\Nkosinathi Radebe\AppData\Local\DBeaver\swt-osversion-win32-4969r18.dll
0x00007ffaec2c0000 - 0x00007ffaec38a000 	C:\Users\Nkosinathi Radebe\AppData\Local\DBeaver\swt-win32-4969r18.dll
0x00007ffb50030000 - 0x00007ffb50128000 	C:\WINDOWS\System32\COMDLG32.dll
0x00007ffb24da0000 - 0x00007ffb24e57000 	C:\WINDOWS\SYSTEM32\WINSPOOL.DRV
0x00007ffb2efd0000 - 0x00007ffb2f04d000 	C:\WINDOWS\SYSTEM32\OLEACC.dll
0x00007ffb31d20000 - 0x00007ffb31d39000 	C:\WINDOWS\SYSTEM32\USP10.dll
0x00007ffb19520000 - 0x00007ffb197a9000 	C:\WINDOWS\SYSTEM32\WININET.dll
0x00007ffb47440000 - 0x00007ffb474ef000 	C:\WINDOWS\SYSTEM32\UxTheme.dll
0x00007ffb451a0000 - 0x00007ffb452ad000 	C:\WINDOWS\SYSTEM32\PROPSYS.dll
0x00007ffb38930000 - 0x00007ffb38b15000 	C:\WINDOWS\SYSTEM32\urlmon.dll
0x00007ffb34640000 - 0x00007ffb34648000 	C:\WINDOWS\SYSTEM32\MSIMG32.dll
0x00007ffb47950000 - 0x00007ffb47985000 	C:\WINDOWS\SYSTEM32\dwmapi.dll
0x00007ffb4d470000 - 0x00007ffb4d4c7000 	C:\WINDOWS\SYSTEM32\cfgmgr32.dll
0x00007ffb38660000 - 0x00007ffb3892a000 	C:\WINDOWS\SYSTEM32\iertutil.dll
0x00007ffb38630000 - 0x00007ffb38659000 	C:\WINDOWS\SYSTEM32\srvcli.dll
0x00007ffb4c010000 - 0x00007ffb4c01d000 	C:\WINDOWS\SYSTEM32\netutils.dll
0x00007ffb4fe60000 - 0x00007ffb4ffc1000 	C:\WINDOWS\System32\MSCTF.dll
0x00007ffb4f860000 - 0x00007ffb4f908000 	C:\WINDOWS\System32\clbcatq.dll
0x00007ffaf1cb0000 - 0x00007ffaf1cdc000 	C:\Users\Nkosinathi Radebe\AppData\Local\DBeaver\swt-gdip-win32-4969r18.dll
0x00007ffb31400000 - 0x00007ffb315df000 	C:\WINDOWS\WinSxS\amd64_microsoft.windows.gdiplus_6595b64144ccf1df_1.1.26100.4946_none_6ef530c63dc53cfc\gdiplus.dll
0x00007ffb45a60000 - 0x00007ffb45c9f000 	C:\WINDOWS\SYSTEM32\WindowsCodecs.dll
0x00007ffb37ce0000 - 0x00007ffb37d93000 	C:\WINDOWS\SYSTEM32\TextShaping.dll
0x00007ffb3a210000 - 0x00007ffb3a361000 	C:\WINDOWS\SYSTEM32\textinputframework.dll
0x00007ffb46e60000 - 0x00007ffb46f85000 	C:\WINDOWS\SYSTEM32\CoreMessaging.dll
0x00007ffb444a0000 - 0x00007ffb44783000 	C:\WINDOWS\SYSTEM32\CoreUIComponents.dll
0x00007ffb4cde0000 - 0x00007ffb4cdec000 	C:\WINDOWS\SYSTEM32\CRYPTBASE.DLL
0x00007ffb4cf80000 - 0x00007ffb4cf9b000 	C:\WINDOWS\SYSTEM32\CRYPTSP.dll
0x00007ffb4c590000 - 0x00007ffb4c5cb000 	C:\WINDOWS\system32\rsaenh.dll
0x00007ffb4cc40000 - 0x00007ffb4cc6b000 	C:\WINDOWS\SYSTEM32\USERENV.dll
0x00007ffb4d7e0000 - 0x00007ffb4d806000 	C:\WINDOWS\SYSTEM32\bcrypt.dll
0x00007ffb4c020000 - 0x00007ffb4c053000 	C:\WINDOWS\SYSTEM32\IPHLPAPI.DLL
0x00007ffb506b0000 - 0x00007ffb506ba000 	C:\WINDOWS\System32\NSI.dll
0x00007ffaec6b0000 - 0x00007ffaec6f9000 	C:\Users\Nkosinathi Radebe\AppData\Local\Temp\jna--1948062887\jna15438864721689632817.dll
0x00007ffb4e930000 - 0x00007ffb4e938000 	C:\WINDOWS\System32\PSAPI.DLL
0x00007ffb3c140000 - 0x00007ffb3c14e000 	C:\Users\Nkosinathi Radebe\AppData\Local\DBeaver\jre\bin\sunmscapi.dll
0x00007ffb4d9d0000 - 0x00007ffb4db47000 	C:\WINDOWS\System32\CRYPT32.dll
0x00007ffb4d0e0000 - 0x00007ffb4d110000 	C:\WINDOWS\SYSTEM32\ncrypt.dll
0x00007ffb4d090000 - 0x00007ffb4d0cf000 	C:\WINDOWS\SYSTEM32\NTASN1.dll
0x00007ffb21d00000 - 0x00007ffb21d09000 	C:\Users\Nkosinathi Radebe\AppData\Local\DBeaver\jre\bin\jaas.dll
0x00007ffac3c40000 - 0x00007ffac3c48000 	C:\WINDOWS\system32\wshunix.dll
0x00007ffb21b50000 - 0x00007ffb21b59000 	C:\Users\Nkosinathi Radebe\AppData\Local\DBeaver\jre\bin\extnet.dll
0x00007ffb4c0b0000 - 0x00007ffb4c1d6000 	C:\WINDOWS\SYSTEM32\DNSAPI.dll
0x00007ffb3e380000 - 0x00007ffb3e38b000 	C:\Windows\System32\rasadhlp.dll
0x00007ffb43ac0000 - 0x00007ffb43b46000 	C:\WINDOWS\System32\fwpuclnt.dll
0x00007ffae9cf0000 - 0x00007ffae9d72000 	C:\Users\Nkosinathi Radebe\AppData\Local\DBeaver\jre\bin\mlib_image.dll
0x00007ffb21d70000 - 0x00007ffb21dca000 	C:\WINDOWS\system32\dataexchange.dll
0x00007ffb3cde0000 - 0x00007ffb3d018000 	C:\WINDOWS\system32\twinapi.appcore.dll
0x00007ffb154c0000 - 0x00007ffb15782000 	C:\WINDOWS\system32\explorerframe.dll
0x00007ffae9c10000 - 0x00007ffae9c97000 	C:\Users\Nkosinathi Radebe\AppData\Local\DBeaver\jre\bin\freetype.dll
0x00007ffae59d0000 - 0x00007ffae5aab000 	C:\Users\Nkosinathi Radebe\AppData\Local\DBeaver\jre\bin\fontmanager.dll
0x00007ffb45cb0000 - 0x00007ffb45f1b000 	C:\WINDOWS\SYSTEM32\DWrite.dll
0x00007ffb4d660000 - 0x00007ffb4d701000 	C:\WINDOWS\SYSTEM32\sxs.dll
0x00007ffb3d550000 - 0x00007ffb3d594000 	C:\WINDOWS\system32\mlang.dll
0x00007ffb3f400000 - 0x00007ffb3f41f000 	C:\WINDOWS\SYSTEM32\dhcpcsvc6.DLL
0x00007ffb3f3d0000 - 0x00007ffb3f3f5000 	C:\WINDOWS\SYSTEM32\dhcpcsvc.DLL
0x00007ffb47250000 - 0x00007ffb47266000 	C:\WINDOWS\system32\Wtsapi32.dll
0x00007ffb4d500000 - 0x00007ffb4d56a000 	C:\WINDOWS\SYSTEM32\WINSTA.dll
0x00007ffb4cff0000 - 0x00007ffb4d003000 	C:\WINDOWS\SYSTEM32\MSASN1.dll
0x00007ffb4cc10000 - 0x00007ffb4cc37000 	C:\WINDOWS\SYSTEM32\gpapi.dll
0x00007ffb4d4f0000 - 0x00007ffb4d4fa000 	C:\WINDOWS\SYSTEM32\DPAPI.dll
0x00007ffb21ac0000 - 0x00007ffb21aca000 	C:\Users\Nkosinathi Radebe\AppData\Local\DBeaver\jre\bin\management.dll
0x00007ffb21760000 - 0x00007ffb2176b000 	C:\Users\Nkosinathi Radebe\AppData\Local\DBeaver\jre\bin\management_ext.dll
0x00007ffb19800000 - 0x00007ffb19918000 	C:\WINDOWS\system32\opengl32.dll
0x00007ffb1ba00000 - 0x00007ffb1ba2d000 	C:\WINDOWS\SYSTEM32\GLU32.dll
0x00007ffb47900000 - 0x00007ffb4794d000 	C:\WINDOWS\SYSTEM32\dxcore.dll

dbghelp: loaded successfully - version: 4.0.5 - missing functions: none
symbol engine: initialized successfully - sym options: 0x614 - pdb path: .;C:\Users\Nkosinathi Radebe\AppData\Local\DBeaver;C:\WINDOWS\SYSTEM32;C:\WINDOWS\WinSxS\amd64_microsoft.windows.common-controls_6595b64144ccf1df_6.0.26100.4768_none_3e0c112ce331287c;C:\Users\Nkosinathi Radebe\AppData\Local\DBeaver\plugins\org.eclipse.equinox.launcher.win32.win32.x86_64_1.2.1300.v20250331-1702;C:\Users\Nkosinathi Radebe\AppData\Local\DBeaver\jre\bin\server;C:\Users\Nkosinathi Radebe\AppData\Local\DBeaver\jre\bin;C:\WINDOWS\WinSxS\amd64_microsoft.windows.gdiplus_6595b64144ccf1df_1.1.26100.4946_none_6ef530c63dc53cfc;C:\Users\Nkosinathi Radebe\AppData\Local\Temp\jna--1948062887

VM Arguments:
jvm_args: -XX:+IgnoreUnrecognizedVMOptions -Dosgi.requiredJavaVersion=21 -Dfile.encoding=UTF-8 --add-modules=ALL-SYSTEM --add-opens=java.base/java.io=ALL-UNNAMED --add-opens=java.base/java.lang=ALL-UNNAMED --add-opens=java.base/java.lang.reflect=ALL-UNNAMED --add-opens=java.base/java.net=ALL-UNNAMED --add-opens=java.base/java.nio=ALL-UNNAMED --add-opens=java.base/java.nio.charset=ALL-UNNAMED --add-opens=java.base/java.text=ALL-UNNAMED --add-opens=java.base/java.time=ALL-UNNAMED --add-opens=java.base/java.util=ALL-UNNAMED --add-opens=java.base/java.util.concurrent=ALL-UNNAMED --add-opens=java.base/java.util.concurrent.atomic=ALL-UNNAMED --add-opens=java.base/jdk.internal.vm=ALL-UNNAMED --add-opens=java.base/jdk.internal.misc=ALL-UNNAMED --add-opens=java.base/sun.nio.ch=ALL-UNNAMED --add-opens=java.base/sun.nio.fs=ALL-UNNAMED --add-opens=java.base/sun.security.ssl=ALL-UNNAMED --add-opens=java.base/sun.security.action=ALL-UNNAMED --add-opens=java.base/sun.security.util=ALL-UNNAMED --add-opens=java.security.jgss/sun.security.jgss=ALL-UNNAMED --add-opens=java.security.jgss/sun.security.krb5=ALL-UNNAMED --add-opens=java.desktop/java.awt=ALL-UNNAMED --add-opens=java.desktop/java.awt.peer=ALL-UNNAMED --add-opens=java.sql/java.sql=ALL-UNNAMED -Xms64m -Xmx1024m -Ddbeaver.distribution.type=exe 
java_command: <unknown>
java_class_path (initial): C:\Users\Nkosinathi Radebe\AppData\Local\DBeaver\\plugins/org.jkiss.dbeaver.launcher_1.0.35.202508171444.jar
Launcher Type: generic

[Global flags]
     intx CICompilerCount                          = 4                                         {product} {ergonomic}
     uint ConcGCThreads                            = 2                                         {product} {ergonomic}
     uint G1ConcRefinementThreads                  = 8                                         {product} {ergonomic}
   size_t G1HeapRegionSize                         = 1048576                                   {product} {ergonomic}
    uintx GCDrainStackTargetSize                   = 64                                        {product} {ergonomic}
     bool IgnoreUnrecognizedVMOptions              = true                                      {product} {command line}
   size_t InitialHeapSize                          = 67108864                                  {product} {command line}
   size_t MarkStackSize                            = 4194304                                   {product} {ergonomic}
   size_t MaxHeapSize                              = 1073741824                                {product} {command line}
   size_t MaxNewSize                               = 643825664                                 {product} {ergonomic}
   size_t MinHeapDeltaBytes                        = 1048576                                   {product} {ergonomic}
   size_t MinHeapSize                              = 67108864                                  {product} {command line}
    uintx NonNMethodCodeHeapSize                   = 5839372                                {pd product} {ergonomic}
    uintx NonProfiledCodeHeapSize                  = 122909434                              {pd product} {ergonomic}
    uintx ProfiledCodeHeapSize                     = 122909434                              {pd product} {ergonomic}
    uintx ReservedCodeCacheSize                    = 251658240                              {pd product} {ergonomic}
     bool SegmentedCodeCache                       = true                                      {product} {ergonomic}
   size_t SoftMaxHeapSize                          = 1073741824                             {manageable} {ergonomic}
     bool UseCompressedOops                        = true                           {product lp64_product} {ergonomic}
     bool UseG1GC                                  = true                                      {product} {ergonomic}
     bool UseLargePagesIndividualAllocation        = false                                  {pd product} {ergonomic}

Logging:
Log output configuration:
 #0: stdout all=warning uptime,level,tags foldmultilines=false
 #1: stderr all=off uptime,level,tags foldmultilines=false

Environment Variables:
JAVA_HOME=C:\Java\jdk-21
PATH=C:\Program Files\Common Files\Oracle\Java\javapath;C:\Java\jdk-21\bin;C:\Python313\Scripts\;C:\Python313\;C:\WINDOWS\system32;C:\WINDOWS;C:\WINDOWS\System32\Wbem;C:\WINDOWS\System32\WindowsPowerShell\v1.0\;C:\WINDOWS\System32\OpenSSH\;C:\Program Files\nodejs\;C:\ProgramData\chocolatey\bin;C:\Program Files\Git\cmd;C:\flutter\bin;C:\SDK\cmdline-tools\latest\bin;C:\SDK\platform-tools;C:\SDK\build-tools\36.1.0-rc1;C:\Java\jdk-21\BIN;c:\Users\Nkosinathi Radebe\AppData\Local\Programs\Trae\bin;%JAVA_HOME%\bin;C:\Python313\Scripts\;C:\Python313\;C:\WINDOWS\system32;C:\WINDOWS;C:\WINDOWS\System32\Wbem;C:\WINDOWS\System32\WindowsPowerShell\v1.0\;C:\WINDOWS\System32\OpenSSH\;C:\Program Files\nodejs\;C:\ProgramData\chocolatey\bin;C:\Program Files\Git\cmd;C:\flutter\bin;C:\SDK\cmdline-tools\latest\bin;C:\SDK\platform-tools;C:\SDK\build-tools\36.1.0-rc1;%JAVA_HOME%\bin;C:\Python313\Scripts\;C:\Python313\;C:\WINDOWS\system32;C:\WINDOWS;C:\WINDOWS\System32\Wbem;C:\WINDOWS\System32\WindowsPowerShell\v1.0\;C:\WINDOWS\System32\OpenSSH\;C:\Program Files\nodejs\;C:\ProgramData\chocolatey\bin;C:\Program Files\Git\cmd;C:\flutter\bin;C:\SDK\cmdline-tools\latest\bin;C:\SDK\platform-tools;C:\SDK\build-tools\36.1.0-rc1;;C:\Users\Nkosinathi Radebe\AppData\Local\Programs\cursor\resources\app\bin;;C:\Users\Nkosinathi Radebe\AppData\Local\Programs\cursor\resources\app\bin;
USERNAME=Nkosinathi Radebe
OS=Windows_NT
PROCESSOR_IDENTIFIER=Intel64 Family 6 Model 142 Stepping 12, GenuineIntel
TMP=C:\Users\NKOSIN~1\AppData\Local\Temp
TEMP=C:\Users\NKOSIN~1\AppData\Local\Temp




Periodic native trim disabled

---------------  S Y S T E M  ---------------

OS:
 Windows 11 , 64 bit Build 26100 (10.0.26100.4768)
OS uptime: 3 days 10:45 hours
Hyper-V role detected

CPU: total 8 (initial active 8) (4 cores per cpu, 2 threads per core) family 6 model 142 stepping 12 microcode 0xde, cx8, cmov, fxsr, ht, mmx, 3dnowpref, sse, sse2, sse3, ssse3, sse4.1, sse4.2, popcnt, lzcnt, tsc, tscinvbit, avx, avx2, aes, erms, clmul, bmi1, bmi2, adx, fma, vzeroupper, clflush, clflushopt, hv, rdtscp, f16c
Processor Information for all 8 processors :
  Max Mhz: 1800, Current Mhz: 1600, Mhz Limit: 1584

Memory: 4k page, system-wide physical 16231M (1614M free)
TotalPageFile size 39507M (AvailPageFile size 3341M)
current process WorkingSet (physical memory assigned to process): 131M, peak: 342M
current process commit charge ("private bytes"): 357M, peak: 382M

vm_info: OpenJDK 64-Bit Server VM (21.0.5+11-LTS) for windows-amd64 JRE (21.0.5+11-LTS), built on 2024-10-15T00:00:00Z by "admin" with MS VC++ 17.7 (VS2022)

END.
