{"logTime": "0904/164109", "correlationVector":"IIFsUZcicqn4pxNDdCauu9.1","action":"SyncServerConnectionManagerRequest", "result":"SYNC_SERVER_OK", "context":{"environment":"Prod_southindia_prod-s01-004-apac-southindia", "migrationStage":"NotStarted", "server":"akswtt01700001z"}}
{"logTime": "0904/164114", "correlationVector":"IIFsUZcicqn4pxNDdCauu9.2","action":"AAD.Mip.Unpack", "result":"Success", "context":MIP_CLOUD_COMMERCIAL:Success}
{"logTime": "0904/164114", "correlationVector":"IIFsUZcicqn4pxNDdCauu9.3","action":"EncryptionKeysManager::SetEncryptionKeys:", "result":"Success", "context":Key names[1]:[mkftBucTWQRS6JKJCifdVYPOiBCCyW4vEFCqRCNDCIkjj2XmGj9mRMdfls73ulg1NKZFcJBaEaHwgjPzZ/sqYQ==]}
{"logTime": "0904/164114", "correlationVector":"IIFsUZcicqn4pxNDdCauu9.4","action":"AAD.GetKeyResponse", "result":"Success", "context":Keys=1.LastKeyStatus=Active. 2025-05-21 11:54:31 +02.State=None. Tags: Current_encryption_keys_tag = 77+9M2bvv73vv70YQTDGqDldVELvv73NlTYSWm/euO+/vU4TFe+/ve+/ve+/ve+/ve+/vQ==, Updated_current_encryption_keys_tag = Empty. Emails: ["nkosinathi.radebe@khonology.com"]}
{"logTime": "0904/164114", "correlationVector":"IIFsUZcicqn4pxNDdCauu9.5","action":"ProcessGetUpdates", "result":"Done", "context":{"dataType":"Encryption Keys", "deleted":"0", "process_failed_to_decrypt":"0", "process_pending_decryption":"0", "process_success":"1", "total":"1"}}
{"logTime": "0904/164114", "correlationVector":"IIFsUZcicqn4pxNDdCauu9","action":"Initial GetUpdates", "result":"", "context":Reason: NEW_CLIENT. cV=IIFsUZcicqn4pxNDdCauu9}
{"logTime": "0904/164114", "correlationVector":"IIFsUZcicqn4pxNDdCauu9.6","action":"GetUpdates Response", "result":"Success", "context":Received 1 update(s). cV=IIFsUZcicqn4pxNDdCauu9.0;server=akswtt01700001z;cloudType=Multitenant;environment=Prod_southindia_prod-s01-004-apac-southindia;migrationStage=NotStarted}
{"logTime": "0904/164114", "correlationVector":"GEkKJSqF4im3qcMfHCUu/w","action":"Initial GetUpdates", "result":"", "context":Reason: NEW_CLIENT. cV=GEkKJSqF4im3qcMfHCUu/w}
{"logTime": "0904/164117", "correlationVector":"GEkKJSqF4im3qcMfHCUu/w.1","action":"SyncServerConnectionManagerRequest", "result":"SYNC_SERVER_OK", "context":{"environment":"Prod_southindia_prod-s01-004-apac-southindia", "migrationStage":"NotStarted", "server":"akswtt01700004m"}}
{"logTime": "0904/164117", "correlationVector":"GEkKJSqF4im3qcMfHCUu/w.2","action":"ProcessGetUpdates", "result":"Done", "context":{"dataType":"Preferences", "deleted":"0", "process_failed_to_decrypt":"0", "process_pending_decryption":"0", "process_success":"54", "total":"54"}}
{"logTime": "0904/164117", "correlationVector":"GEkKJSqF4im3qcMfHCUu/w.3","action":"ProcessGetUpdates", "result":"Done", "context":{"dataType":"Passwords", "deleted":"0", "process_failed_to_decrypt":"0", "process_pending_decryption":"0", "process_success":"7", "total":"7"}}
{"logTime": "0904/164117", "correlationVector":"GEkKJSqF4im3qcMfHCUu/w.4","action":"ProcessGetUpdates", "result":"Done", "context":{"dataType":"Device Info", "deleted":"0", "process_failed_to_decrypt":"0", "process_pending_decryption":"0", "process_success":"16", "total":"16"}}
{"logTime": "0904/164117", "correlationVector":"GEkKJSqF4im3qcMfHCUu/w.5","action":"GetUpdates Response", "result":"Success", "context":Received 77 update(s). cV=GEkKJSqF4im3qcMfHCUu/w.0;server=akswtt01700004m;cloudType=Multitenant;environment=Prod_southindia_prod-s01-004-apac-southindia;migrationStage=NotStarted}
{"logTime": "0904/164117", "correlationVector":"iQ078NUbK5bPcHhY0spd0l","action":"Initial GetUpdates", "result":"", "context":Reason: NEW_CLIENT. cV=iQ078NUbK5bPcHhY0spd0l}
{"logTime": "0904/164117", "correlationVector":"iQ078NUbK5bPcHhY0spd0l.1","action":"SyncServerConnectionManagerRequest", "result":"SYNC_SERVER_OK", "context":{"environment":"Prod_southindia_prod-s01-004-apac-southindia", "migrationStage":"NotStarted", "server":"akswtt01700003i"}}
{"logTime": "0904/164117", "correlationVector":"iQ078NUbK5bPcHhY0spd0l.2","action":"ProcessGetUpdates", "result":"Done", "context":{"dataType":"Bookmarks", "deleted":"0", "process_failed_to_decrypt":"0", "process_pending_decryption":"0", "process_success":"7", "total":"7"}}
{"logTime": "0904/164117", "correlationVector":"iQ078NUbK5bPcHhY0spd0l.3","action":"GetUpdates Response", "result":"Success", "context":Received 7 update(s). cV=iQ078NUbK5bPcHhY0spd0l.0;server=akswtt01700003i;cloudType=Multitenant;environment=Prod_southindia_prod-s01-004-apac-southindia;migrationStage=NotStarted}
{"logTime": "0904/164117", "correlationVector":"2jTgmHly+bDxQQ7R+rvdWG","action":"Initial GetUpdates", "result":"", "context":Reason: NEW_CLIENT. cV=2jTgmHly+bDxQQ7R+rvdWG}
{"logTime": "0904/164118", "correlationVector":"2jTgmHly+bDxQQ7R+rvdWG.1","action":"SyncServerConnectionManagerRequest", "result":"SYNC_SERVER_OK", "context":{"environment":"Prod_southindia_prod-s01-004-apac-southindia", "migrationStage":"NotStarted", "server":"akswtt01700003q"}}
{"logTime": "0904/164118", "correlationVector":"2jTgmHly+bDxQQ7R+rvdWG.2","action":"ProcessGetUpdates", "result":"Done", "context":{"dataType":"Autofill", "deleted":"0", "process_failed_to_decrypt":"0", "process_pending_decryption":"0", "process_success":"1", "total":"1"}}
{"logTime": "0904/164118", "correlationVector":"2jTgmHly+bDxQQ7R+rvdWG.3","action":"ProcessGetUpdates", "result":"Done", "context":{"dataType":"Edge Hub App Usage", "deleted":"0", "process_failed_to_decrypt":"0", "process_pending_decryption":"0", "process_success":"10", "total":"10"}}
{"logTime": "0904/164118", "correlationVector":"2jTgmHly+bDxQQ7R+rvdWG.4","action":"GetUpdates Response", "result":"Success", "context":Received 11 update(s). cV=2jTgmHly+bDxQQ7R+rvdWG.0;server=akswtt01700003q;cloudType=Multitenant;environment=Prod_southindia_prod-s01-004-apac-southindia;migrationStage=NotStarted Some updates remain.}
{"logTime": "0904/164118", "correlationVector":"Ztctu4nYXh1QQfR+X/R20x","action":"Initial GetUpdates", "result":"", "context":Reason: NEW_CLIENT. cV=Ztctu4nYXh1QQfR+X/R20x}
{"logTime": "0904/164119", "correlationVector":"Ztctu4nYXh1QQfR+X/R20x.1","action":"SyncServerConnectionManagerRequest", "result":"SYNC_SERVER_OK", "context":{"environment":"Prod_southindia_prod-s01-004-apac-southindia", "migrationStage":"NotStarted", "server":"akswtt01700003z"}}
{"logTime": "0904/164119", "correlationVector":"Ztctu4nYXh1QQfR+X/R20x.2","action":"ProcessGetUpdates", "result":"Done", "context":{"dataType":"Collection", "deleted":"0", "process_failed_to_decrypt":"0", "process_pending_decryption":"0", "process_success":"2", "total":"2"}}
{"logTime": "0904/164119", "correlationVector":"Ztctu4nYXh1QQfR+X/R20x.3","action":"ProcessGetUpdates", "result":"Done", "context":{"dataType":"Edge Hub App Usage", "deleted":"0", "process_failed_to_decrypt":"0", "process_pending_decryption":"0", "process_success":"12", "total":"12"}}
{"logTime": "0904/164119", "correlationVector":"Ztctu4nYXh1QQfR+X/R20x.4","action":"GetUpdates Response", "result":"Success", "context":Received 14 update(s). cV=Ztctu4nYXh1QQfR+X/R20x.0;server=akswtt01700003z;cloudType=Multitenant;environment=Prod_southindia_prod-s01-004-apac-southindia;migrationStage=NotStarted Some updates remain.}
{"logTime": "0904/164119", "correlationVector":"7iMHj8Y3+E4nVA3MxbLWA4","action":"Initial GetUpdates", "result":"", "context":Reason: NEW_CLIENT. cV=7iMHj8Y3+E4nVA3MxbLWA4}
{"logTime": "0904/164120", "correlationVector":"7iMHj8Y3+E4nVA3MxbLWA4.1","action":"SyncServerConnectionManagerRequest", "result":"SYNC_SERVER_OK", "context":{"environment":"Prod_southindia_prod-s01-004-apac-southindia", "migrationStage":"NotStarted", "server":"akswtt01700004o"}}
{"logTime": "0904/164120", "correlationVector":"7iMHj8Y3+E4nVA3MxbLWA4.2","action":"ProcessGetUpdates", "result":"Done", "context":{"dataType":"Extensions", "deleted":"0", "process_failed_to_decrypt":"0", "process_pending_decryption":"0", "process_success":"1", "total":"1"}}
{"logTime": "0904/164120", "correlationVector":"7iMHj8Y3+E4nVA3MxbLWA4.3","action":"ProcessGetUpdates", "result":"Done", "context":{"dataType":"Edge Hub App Usage", "deleted":"0", "process_failed_to_decrypt":"0", "process_pending_decryption":"0", "process_success":"5", "total":"5"}}
{"logTime": "0904/164120", "correlationVector":"7iMHj8Y3+E4nVA3MxbLWA4.4","action":"GetUpdates Response", "result":"Success", "context":Received 6 update(s). cV=7iMHj8Y3+E4nVA3MxbLWA4.0;server=akswtt01700004o;cloudType=Multitenant;environment=Prod_southindia_prod-s01-004-apac-southindia;migrationStage=NotStarted Some updates remain.}
{"logTime": "0904/164120", "correlationVector":"rZmkose1tJpxjVGs244A+P","action":"Initial GetUpdates", "result":"", "context":Reason: NEW_CLIENT. cV=rZmkose1tJpxjVGs244A+P}
{"logTime": "0904/164121", "correlationVector":"rZmkose1tJpxjVGs244A+P.1","action":"SyncServerConnectionManagerRequest", "result":"SYNC_SERVER_OK", "context":{"environment":"Prod_southindia_prod-s01-004-apac-southindia", "migrationStage":"NotStarted", "server":"akswtt01700000l"}}
{"logTime": "0904/164121", "correlationVector":"rZmkose1tJpxjVGs244A+P.2","action":"ProcessGetUpdates", "result":"Done", "context":{"dataType":"Edge Hub App Usage", "deleted":"0", "process_failed_to_decrypt":"0", "process_pending_decryption":"0", "process_success":"4", "total":"4"}}
{"logTime": "0904/164121", "correlationVector":"rZmkose1tJpxjVGs244A+P.3","action":"GetUpdates Response", "result":"Success", "context":Received 4 update(s). cV=rZmkose1tJpxjVGs244A+P.0;server=akswtt01700000l;cloudType=Multitenant;environment=Prod_southindia_prod-s01-004-apac-southindia;migrationStage=NotStarted Some updates remain.}
{"logTime": "0904/164121", "correlationVector":"QNsfIT6adekSJKLipXNn7B","action":"Initial GetUpdates", "result":"", "context":Reason: NEW_CLIENT. cV=QNsfIT6adekSJKLipXNn7B}
{"logTime": "0904/164124", "correlationVector":"QNsfIT6adekSJKLipXNn7B.1","action":"SyncServerConnectionManagerRequest", "result":"SYNC_SERVER_OK", "context":{"environment":"Prod_southindia_prod-s01-004-apac-southindia", "migrationStage":"NotStarted", "server":"akswtt01700004v"}}
{"logTime": "0904/164124", "correlationVector":"QNsfIT6adekSJKLipXNn7B.2","action":"ProcessGetUpdates", "result":"Done", "context":{"dataType":"History Delete Directives", "deleted":"0", "process_failed_to_decrypt":"0", "process_pending_decryption":"0", "process_success":"4", "total":"4"}}
{"logTime": "0904/164124", "correlationVector":"QNsfIT6adekSJKLipXNn7B.3","action":"GetUpdates Response", "result":"Success", "context":Received 4 update(s). cV=QNsfIT6adekSJKLipXNn7B.0;server=akswtt01700004v;cloudType=Multitenant;environment=Prod_southindia_prod-s01-004-apac-southindia;migrationStage=NotStarted Some updates remain.}
{"logTime": "0904/164124", "correlationVector":"07aKXmLh3vtomLwuNXwixw","action":"Initial GetUpdates", "result":"", "context":Reason: NEW_CLIENT. cV=07aKXmLh3vtomLwuNXwixw}
{"logTime": "0904/164124", "correlationVector":"07aKXmLh3vtomLwuNXwixw.1","action":"SyncServerConnectionManagerRequest", "result":"SYNC_SERVER_OK", "context":{"environment":"Prod_southindia_prod-s01-004-apac-southindia", "migrationStage":"NotStarted", "server":"akswtt01700004w"}}
{"logTime": "0904/164124", "correlationVector":"07aKXmLh3vtomLwuNXwixw.2","action":"ProcessGetUpdates", "result":"Done", "context":{"dataType":"History Delete Directives", "deleted":"0", "process_failed_to_decrypt":"0", "process_pending_decryption":"0", "process_success":"16", "total":"16"}}
{"logTime": "0904/164124", "correlationVector":"07aKXmLh3vtomLwuNXwixw.3","action":"ProcessGetUpdates", "result":"Done", "context":{"dataType":"Edge Hub App Usage", "deleted":"0", "process_failed_to_decrypt":"0", "process_pending_decryption":"0", "process_success":"1", "total":"1"}}
{"logTime": "0904/164124", "correlationVector":"07aKXmLh3vtomLwuNXwixw.4","action":"GetUpdates Response", "result":"Success", "context":Received 17 update(s). cV=07aKXmLh3vtomLwuNXwixw.0;server=akswtt01700004w;cloudType=Multitenant;environment=Prod_southindia_prod-s01-004-apac-southindia;migrationStage=NotStarted Some updates remain.}
{"logTime": "0904/164124", "correlationVector":"muTSKSqDLBRs+cRI41d26P","action":"Initial GetUpdates", "result":"", "context":Reason: NEW_CLIENT. cV=muTSKSqDLBRs+cRI41d26P}
{"logTime": "0904/164125", "correlationVector":"muTSKSqDLBRs+cRI41d26P.1","action":"SyncServerConnectionManagerRequest", "result":"SYNC_SERVER_OK", "context":{"environment":"Prod_southindia_prod-s01-004-apac-southindia", "migrationStage":"NotStarted", "server":"akswtt01700004v"}}
{"logTime": "0904/164125", "correlationVector":"muTSKSqDLBRs+cRI41d26P.2","action":"ProcessGetUpdates", "result":"Done", "context":{"dataType":"Autofill Profiles", "deleted":"0", "process_failed_to_decrypt":"0", "process_pending_decryption":"0", "process_success":"5", "total":"5"}}
{"logTime": "0904/164125", "correlationVector":"muTSKSqDLBRs+cRI41d26P.3","action":"ProcessGetUpdates", "result":"Done", "context":{"dataType":"Autofill", "deleted":"0", "process_failed_to_decrypt":"0", "process_pending_decryption":"0", "process_success":"14", "total":"14"}}
{"logTime": "0904/164125", "correlationVector":"muTSKSqDLBRs+cRI41d26P.4","action":"ProcessGetUpdates", "result":"Done", "context":{"dataType":"Sessions", "deleted":"0", "process_failed_to_decrypt":"0", "process_pending_decryption":"0", "process_success":"15", "total":"15"}}
{"logTime": "0904/164125", "correlationVector":"muTSKSqDLBRs+cRI41d26P.5","action":"ProcessGetUpdates", "result":"Done", "context":{"dataType":"History Delete Directives", "deleted":"0", "process_failed_to_decrypt":"0", "process_pending_decryption":"0", "process_success":"19", "total":"19"}}
{"logTime": "0904/164125", "correlationVector":"muTSKSqDLBRs+cRI41d26P.6","action":"ProcessGetUpdates", "result":"Done", "context":{"dataType":"Edge Hub App Usage", "deleted":"0", "process_failed_to_decrypt":"0", "process_pending_decryption":"0", "process_success":"1", "total":"1"}}
{"logTime": "0904/164125", "correlationVector":"muTSKSqDLBRs+cRI41d26P.7","action":"GetUpdates Response", "result":"Success", "context":Received 54 update(s). cV=muTSKSqDLBRs+cRI41d26P.0;server=akswtt01700004v;cloudType=Multitenant;environment=Prod_southindia_prod-s01-004-apac-southindia;migrationStage=NotStarted Some updates remain.}
{"logTime": "0904/164125", "correlationVector":"ku9NuRe02gFIAlOHzw3RYN","action":"Initial GetUpdates", "result":"", "context":Reason: NEW_CLIENT. cV=ku9NuRe02gFIAlOHzw3RYN}
{"logTime": "0904/164125", "correlationVector":"ku9NuRe02gFIAlOHzw3RYN.1","action":"SyncServerConnectionManagerRequest", "result":"SYNC_SERVER_OK", "context":{"environment":"Prod_southindia_prod-s01-004-apac-southindia", "migrationStage":"NotStarted", "server":"akswtt01700003z"}}
{"logTime": "0904/164125", "correlationVector":"ku9NuRe02gFIAlOHzw3RYN.2","action":"ProcessGetUpdates", "result":"Done", "context":{"dataType":"Sessions", "deleted":"0", "process_failed_to_decrypt":"0", "process_pending_decryption":"0", "process_success":"14", "total":"14"}}
{"logTime": "0904/164125", "correlationVector":"ku9NuRe02gFIAlOHzw3RYN.3","action":"GetUpdates Response", "result":"Success", "context":Received 14 update(s). cV=ku9NuRe02gFIAlOHzw3RYN.0;server=akswtt01700003z;cloudType=Multitenant;environment=Prod_southindia_prod-s01-004-apac-southindia;migrationStage=NotStarted}
{"logTime": "0904/164125", "correlationVector":"KLyawHY9EY28R7ukBi9n0y","action":"Initial GetUpdates", "result":"", "context":Reason: NEW_CLIENT. cV=KLyawHY9EY28R7ukBi9n0y}
{"logTime": "0904/164141", "correlationVector":"KLyawHY9EY28R7ukBi9n0y.1","action":"SyncServerConnectionManagerRequest", "result":"SYNC_SERVER_OK", "context":{"environment":"Prod_southindia_prod-s01-004-apac-southindia", "migrationStage":"NotStarted", "server":"akswtt01700004c"}}
{"logTime": "0904/164141", "correlationVector":"KLyawHY9EY28R7ukBi9n0y.2","action":"GetUpdates Response", "result":"Success", "context":Received 0 update(s). cV=KLyawHY9EY28R7ukBi9n0y.0;server=akswtt01700004c;cloudType=Multitenant;environment=Prod_southindia_prod-s01-004-apac-southindia;migrationStage=NotStarted Some updates remain.}
{"logTime": "0904/164141", "correlationVector":"0F8sF62MEoEZUnOnpd0qeC","action":"Initial GetUpdates", "result":"", "context":Reason: NEW_CLIENT. cV=0F8sF62MEoEZUnOnpd0qeC}
{"logTime": "0904/164143", "correlationVector":"0F8sF62MEoEZUnOnpd0qeC.1","action":"SyncServerConnectionManagerRequest", "result":"SYNC_SERVER_OK", "context":{"environment":"Prod_southindia_prod-s01-004-apac-southindia", "migrationStage":"NotStarted", "server":"akswtt01700004o"}}
{"logTime": "0904/164143", "correlationVector":"0F8sF62MEoEZUnOnpd0qeC.2","action":"ProcessGetUpdates", "result":"Done", "context":{"dataType":"History", "deleted":"0", "process_failed_to_decrypt":"0", "process_pending_decryption":"0", "process_success":"81", "total":"81"}}
{"logTime": "0904/164143", "correlationVector":"0F8sF62MEoEZUnOnpd0qeC.3","action":"GetUpdates Response", "result":"Success", "context":Received 81 update(s). cV=0F8sF62MEoEZUnOnpd0qeC.0;server=akswtt01700004o;cloudType=Multitenant;environment=Prod_southindia_prod-s01-004-apac-southindia;migrationStage=NotStarted Some updates remain.}
{"logTime": "0904/164143", "correlationVector":"cu5SCXWXorGLYBcZMzmCFQ","action":"Initial GetUpdates", "result":"", "context":Reason: NEW_CLIENT. cV=cu5SCXWXorGLYBcZMzmCFQ}
{"logTime": "0904/164155", "correlationVector":"cu5SCXWXorGLYBcZMzmCFQ.1","action":"SyncServerConnectionManagerRequest", "result":"SYNC_SERVER_OK", "context":{"environment":"Prod_southindia_prod-s01-004-apac-southindia", "migrationStage":"NotStarted", "server":"akswtt01700000l"}}
{"logTime": "0904/164155", "correlationVector":"cu5SCXWXorGLYBcZMzmCFQ.2","action":"ProcessGetUpdates", "result":"Done", "context":{"dataType":"History", "deleted":"0", "process_failed_to_decrypt":"0", "process_pending_decryption":"0", "process_success":"182", "total":"182"}}
{"logTime": "0904/164155", "correlationVector":"cu5SCXWXorGLYBcZMzmCFQ.3","action":"GetUpdates Response", "result":"Success", "context":Received 182 update(s). cV=cu5SCXWXorGLYBcZMzmCFQ.0;server=akswtt01700000l;cloudType=Multitenant;environment=Prod_southindia_prod-s01-004-apac-southindia;migrationStage=NotStarted Some updates remain.}
{"logTime": "0904/164155", "correlationVector":"Qswl1dU9rp/ll/uigwmD/5","action":"Initial GetUpdates", "result":"", "context":Reason: NEW_CLIENT. cV=Qswl1dU9rp/ll/uigwmD/5}
{"logTime": "0904/164156", "correlationVector":"Qswl1dU9rp/ll/uigwmD/5.1","action":"SyncServerConnectionManagerRequest", "result":"SYNC_SERVER_OK", "context":{"environment":"Prod_southindia_prod-s01-004-apac-southindia", "migrationStage":"NotStarted", "server":"akswtt017000036"}}
{"logTime": "0904/164156", "correlationVector":"Qswl1dU9rp/ll/uigwmD/5.2","action":"ProcessGetUpdates", "result":"Done", "context":{"dataType":"History", "deleted":"0", "process_failed_to_decrypt":"0", "process_pending_decryption":"0", "process_success":"118", "total":"118"}}
{"logTime": "0904/164156", "correlationVector":"Qswl1dU9rp/ll/uigwmD/5.3","action":"GetUpdates Response", "result":"Success", "context":Received 118 update(s). cV=Qswl1dU9rp/ll/uigwmD/5.0;server=akswtt017000036;cloudType=Multitenant;environment=Prod_southindia_prod-s01-004-apac-southindia;migrationStage=NotStarted}
{"logTime": "0904/164156", "correlationVector":"HmmMvooIEFqBmLbu+X5tmf","action":"Normal GetUpdate request", "result":"", "context":cV=HmmMvooIEFqBmLbu+X5tmf
Nudged types: Passwords, Sessions, Device Info, User Consents
Refresh requested types: Bookmarks, Preferences, Passwords, Autofill Profiles, Autofill, Extensions, Sessions, Extension settings, History Delete Directives, Device Info, User Consents, Send Tab To Self, Web Apps, History, Saved Tab Group, WebAuthn Credentials, Collection, Edge E Drop, Edge Hub App Usage, Edge Wallet, Encryption Keys}
{"logTime": "0904/164157", "correlationVector":"HmmMvooIEFqBmLbu+X5tmf.1","action":"SyncServerConnectionManagerRequest", "result":"SYNC_SERVER_OK", "context":{"environment":"Prod_southindia_prod-s01-004-apac-southindia", "migrationStage":"NotStarted", "server":"akswtt01700004g"}}
{"logTime": "0904/164157", "correlationVector":"HmmMvooIEFqBmLbu+X5tmf.2","action":"ProcessGetUpdates", "result":"Done", "context":{"dataType":"Sessions", "deleted":"1", "process_failed_to_decrypt":"0", "process_pending_decryption":"0", "process_success":"1", "total":"1"}}
{"logTime": "0904/164157", "correlationVector":"HmmMvooIEFqBmLbu+X5tmf.3","action":"GetUpdates Response", "result":"Success", "context":Received 1 update(s). cV=HmmMvooIEFqBmLbu+X5tmf.0;server=akswtt01700004g;cloudType=Multitenant;environment=Prod_southindia_prod-s01-004-apac-southindia;migrationStage=NotStarted}
{"logTime": "0904/164157", "correlationVector":"vId97VtQukGJC3rJpAueCV","action":"Commit Request", "result":"", "context":Item count: 11
Contributing types: Passwords, Sessions, Device Info, User Consents}
{"logTime": "0904/164158", "correlationVector":"vId97VtQukGJC3rJpAueCV.1","action":"SyncServerConnectionManagerRequest", "result":"SYNC_SERVER_OK", "context":{"environment":"Prod_southindia_prod-s01-004-apac-southindia", "migrationStage":"NotStarted", "server":"akswtt01700001z"}}
{"logTime": "0904/164158", "correlationVector":"vId97VtQukGJC3rJpAueCV.2","action":"Commit Response", "result":"Success", "context":Result: Success. cV=vId97VtQukGJC3rJpAueCV.0;server=akswtt01700001z;cloudType=Multitenant;environment=Prod_southindia_prod-s01-004-apac-southindia;migrationStage=NotStarted}
{"logTime": "0904/171748", "correlationVector":"OEdLh6KxmquXa0GGBXtzLh","action":"Normal GetUpdate request", "result":"", "context":cV=OEdLh6KxmquXa0GGBXtzLh
Notified types: Device Info}
{"logTime": "0904/171748", "correlationVector":"OEdLh6KxmquXa0GGBXtzLh.1","action":"SyncServerConnectionManagerRequest", "result":"SYNC_SERVER_OK", "context":{"environment":"Prod_southindia_prod-s01-004-apac-southindia", "migrationStage":"NotStarted", "server":"akswtt01700003a"}}
{"logTime": "0904/171748", "correlationVector":"OEdLh6KxmquXa0GGBXtzLh.2","action":"ProcessGetUpdates", "result":"Done", "context":{"dataType":"Passwords", "deleted":"0", "process_failed_to_decrypt":"0", "process_pending_decryption":"0", "process_success":"6", "total":"6"}}
{"logTime": "0904/171748", "correlationVector":"OEdLh6KxmquXa0GGBXtzLh.3","action":"ProcessGetUpdates", "result":"Done", "context":{"dataType":"Sessions", "deleted":"0", "process_failed_to_decrypt":"0", "process_pending_decryption":"0", "process_success":"3", "total":"3"}}
{"logTime": "0904/171748", "correlationVector":"OEdLh6KxmquXa0GGBXtzLh.4","action":"ProcessGetUpdates", "result":"Done", "context":{"dataType":"Device Info", "deleted":"0", "process_failed_to_decrypt":"0", "process_pending_decryption":"0", "process_success":"2", "total":"2"}}
{"logTime": "0904/171748", "correlationVector":"OEdLh6KxmquXa0GGBXtzLh.5","action":"GetUpdates Response", "result":"Success", "context":Received 11 update(s). cV=OEdLh6KxmquXa0GGBXtzLh.0;server=akswtt01700003a;cloudType=Multitenant;environment=Prod_southindia_prod-s01-004-apac-southindia;migrationStage=NotStarted}
{"logTime": "0904/171749", "correlationVector":"e2gciSgXXiqgVocGH5wEHE","action":"DoCompareDataConsistency requsted types: ", "result":"Bookmarks, Preferences, Passwords, Extensions, Extension settings, History Delete Directives, Send Tab To Self, Web Apps, History, Saved Tab Group, WebAuthn Credentials, Collection, Edge E Drop, Edge Wallet, Encryption Keys"}
{"logTime": "0904/171749", "correlationVector":"e2gciSgXXiqgVocGH5wEHE.0","action":"CompareDataConsistency result: ", "result":"Compare result: Encryption Keys is consistent. local entities count is: 1 local entities hash is: Uxr4fQVf60T1vONNidKuIC39BAw="}
{"logTime": "0904/171749", "correlationVector":"e2gciSgXXiqgVocGH5wEHE.1","action":"CompareDataConsistency result: ", "result":"Compare result: Bookmarks is consistent. local entities count is: 1 local entities hash is: ffkV2KaUOKZTnLQEVMo7mu3Wlog="}
{"logTime": "0904/171749", "correlationVector":"e2gciSgXXiqgVocGH5wEHE.2","action":"CompareDataConsistency result: ", "result":"Compare result: Preferences is consistent. local entities count is: 54 local entities hash is: 3LMDsGfyQtPtRyViYiejvkrNvgA="}
{"logTime": "0904/171749", "correlationVector":"e2gciSgXXiqgVocGH5wEHE.3","action":"CompareDataConsistency result: ", "result":"Compare result: Passwords is consistent. local entities count is: 7 local entities hash is: T9DBCrgBjQrcRL3YvDMQZbDwESw="}
{"logTime": "0904/171749", "correlationVector":"e2gciSgXXiqgVocGH5wEHE.4","action":"CompareDataConsistency result: ", "result":"Compare result: Extensions is consistent. local entities count is: 1 local entities hash is: 5BeeIW2673WxtZxCPK0WzXt5yqA="}
{"logTime": "0904/171749", "correlationVector":"e2gciSgXXiqgVocGH5wEHE.5","action":"CompareDataConsistency result: ", "result":"Compare result: Extension settings is consistent. local entities count is: 0 local entities hash is: "}
{"logTime": "0904/171749", "correlationVector":"e2gciSgXXiqgVocGH5wEHE.6","action":"CompareDataConsistency result: ", "result":"Compare result: History Delete Directives is inconsistent. server entities count is: 39 server entities hash is: FlhZ7a0yCy/qKXmL/K5zhiv2VAk= local entities count is: 0 local entities hash is: "}
{"logTime": "0904/171749", "correlationVector":"e2gciSgXXiqgVocGH5wEHE.7","action":"CompareDataConsistency result: ", "result":"Server did not send this Send Tab To Self local entities count is: 0 local entities hash is: "}
{"logTime": "0904/171749", "correlationVector":"e2gciSgXXiqgVocGH5wEHE.8","action":"CompareDataConsistency result: ", "result":"Compare result: Web Apps is consistent. local entities count is: 0 local entities hash is: "}
{"logTime": "0904/171749", "correlationVector":"e2gciSgXXiqgVocGH5wEHE.9","action":"CompareDataConsistency result: ", "result":"Server did not send this History local entities count is: 0 local entities hash is: "}
{"logTime": "0904/171749", "correlationVector":"e2gciSgXXiqgVocGH5wEHE.10","action":"CompareDataConsistency result: ", "result":"Compare result: Saved Tab Group is consistent. local entities count is: 0 local entities hash is: "}
{"logTime": "0904/171749", "correlationVector":"e2gciSgXXiqgVocGH5wEHE.11","action":"CompareDataConsistency result: ", "result":"Server did not send this WebAuthn Credentials local entities count is: 0 local entities hash is: "}
{"logTime": "0904/171749", "correlationVector":"e2gciSgXXiqgVocGH5wEHE.12","action":"CompareDataConsistency result: ", "result":"Compare result: Collection is consistent. local entities count is: 2 local entities hash is: 0yJotvOSWhNme3RD9bPeTTRsOnY="}
{"logTime": "0904/171749", "correlationVector":"e2gciSgXXiqgVocGH5wEHE.13","action":"CompareDataConsistency result: ", "result":"Compare result: Edge E Drop is consistent. local entities count is: 0 local entities hash is: "}
{"logTime": "0904/171749", "correlationVector":"e2gciSgXXiqgVocGH5wEHE.14","action":"CompareDataConsistency result: ", "result":"Compare result: Edge Wallet is consistent. local entities count is: 0 local entities hash is: "}
{"logTime": "0904/171749", "correlationVector":"","action":"DIAGNOSTIC_REQUEST|v1/diagnosticData/Diagnostic.SendCheckResult()|SUCCESS", "result":""}
{"logTime": "0904/171750", "correlationVector":"2bWOhE7jY+z0GGQDQAFUP9","action":"Normal GetUpdate request", "result":"", "context":cV=2bWOhE7jY+z0GGQDQAFUP9
Notified types: Preferences}
{"logTime": "0904/171750", "correlationVector":"2bWOhE7jY+z0GGQDQAFUP9.1","action":"SyncServerConnectionManagerRequest", "result":"SYNC_SERVER_OK", "context":{"environment":"Prod_southindia_prod-s01-004-apac-southindia", "migrationStage":"NotStarted", "server":"akswtt01700003a"}}
{"logTime": "0904/171750", "correlationVector":"2bWOhE7jY+z0GGQDQAFUP9.2","action":"ProcessGetUpdates", "result":"Done", "context":{"dataType":"Preferences", "deleted":"0", "process_failed_to_decrypt":"0", "process_pending_decryption":"0", "process_success":"1", "total":"1"}}
{"logTime": "0904/171750", "correlationVector":"2bWOhE7jY+z0GGQDQAFUP9.3","action":"GetUpdates Response", "result":"Success", "context":Received 1 update(s). cV=2bWOhE7jY+z0GGQDQAFUP9.0;server=akswtt01700003a;cloudType=Multitenant;environment=Prod_southindia_prod-s01-004-apac-southindia;migrationStage=NotStarted}
{"logTime": "0904/171756", "correlationVector":"YGapMpkpxmZm964FPYdx0Y","action":"Normal GetUpdate request", "result":"", "context":cV=YGapMpkpxmZm964FPYdx0Y
Notified types: Device Info}
{"logTime": "0904/171756", "correlationVector":"YGapMpkpxmZm964FPYdx0Y.1","action":"SyncServerConnectionManagerRequest", "result":"SYNC_SERVER_OK", "context":{"environment":"Prod_southindia_prod-s01-004-apac-southindia", "migrationStage":"NotStarted", "server":"akswtt01700000s"}}
{"logTime": "0904/171756", "correlationVector":"YGapMpkpxmZm964FPYdx0Y.2","action":"ProcessGetUpdates", "result":"Done", "context":{"dataType":"Device Info", "deleted":"0", "process_failed_to_decrypt":"0", "process_pending_decryption":"0", "process_success":"1", "total":"1"}}
{"logTime": "0904/171756", "correlationVector":"YGapMpkpxmZm964FPYdx0Y.3","action":"GetUpdates Response", "result":"Success", "context":Received 1 update(s). cV=YGapMpkpxmZm964FPYdx0Y.0;server=akswtt01700000s;cloudType=Multitenant;environment=Prod_southindia_prod-s01-004-apac-southindia;migrationStage=NotStarted}
{"logTime": "0904/171758", "correlationVector":"rO2jNkmIDVKY0nTffEkg7/","action":"Normal GetUpdate request", "result":"", "context":cV=rO2jNkmIDVKY0nTffEkg7/
Notified types: Preferences}
{"logTime": "0904/171759", "correlationVector":"rO2jNkmIDVKY0nTffEkg7/.1","action":"SyncServerConnectionManagerRequest", "result":"SYNC_SERVER_OK", "context":{"environment":"Prod_southindia_prod-s01-004-apac-southindia", "migrationStage":"NotStarted", "server":"akswtt01700004g"}}
{"logTime": "0904/171759", "correlationVector":"rO2jNkmIDVKY0nTffEkg7/.2","action":"ProcessGetUpdates", "result":"Done", "context":{"dataType":"Preferences", "deleted":"0", "process_failed_to_decrypt":"0", "process_pending_decryption":"0", "process_success":"1", "total":"1"}}
{"logTime": "0904/171759", "correlationVector":"rO2jNkmIDVKY0nTffEkg7/.3","action":"GetUpdates Response", "result":"Success", "context":Received 1 update(s). cV=rO2jNkmIDVKY0nTffEkg7/.0;server=akswtt01700004g;cloudType=Multitenant;environment=Prod_southindia_prod-s01-004-apac-southindia;migrationStage=NotStarted}
{"logTime": "0904/171841", "correlationVector":"3C+yb3PHB7ScZzYuhm7H+F","action":"Normal GetUpdate request", "result":"", "context":cV=3C+yb3PHB7ScZzYuhm7H+F
Notified types: Preferences, Device Info}
{"logTime": "0904/171841", "correlationVector":"3C+yb3PHB7ScZzYuhm7H+F.1","action":"SyncServerConnectionManagerRequest", "result":"SYNC_SERVER_OK", "context":{"environment":"Prod_southindia_prod-s01-004-apac-southindia", "migrationStage":"NotStarted", "server":"akswtt01700002w"}}
{"logTime": "0904/171841", "correlationVector":"3C+yb3PHB7ScZzYuhm7H+F.2","action":"ProcessGetUpdates", "result":"Done", "context":{"dataType":"Preferences", "deleted":"0", "process_failed_to_decrypt":"0", "process_pending_decryption":"0", "process_success":"1", "total":"1"}}
{"logTime": "0904/171841", "correlationVector":"3C+yb3PHB7ScZzYuhm7H+F.3","action":"ProcessGetUpdates", "result":"Done", "context":{"dataType":"Device Info", "deleted":"0", "process_failed_to_decrypt":"0", "process_pending_decryption":"0", "process_success":"1", "total":"1"}}
{"logTime": "0904/171841", "correlationVector":"3C+yb3PHB7ScZzYuhm7H+F.4","action":"GetUpdates Response", "result":"Success", "context":Received 2 update(s). cV=3C+yb3PHB7ScZzYuhm7H+F.0;server=akswtt01700002w;cloudType=Multitenant;environment=Prod_southindia_prod-s01-004-apac-southindia;migrationStage=NotStarted}
